TN:
SF:src/js/captions.js
FN:27,(anonymous_0)
FN:60,(anonymous_1)
FN:70,(anonymous_2)
FN:73,(anonymous_3)
FN:88,(anonymous_4)
FN:119,(anonymous_5)
FN:123,(anonymous_6)
FN:128,(anonymous_7)
FN:129,(anonymous_8)
FN:146,(anonymous_9)
FN:173,(anonymous_10)
FN:225,(anonymous_11)
FN:234,(anonymous_12)
FN:290,(anonymous_13)
FN:308,(anonymous_14)
FN:314,(anonymous_15)
FN:315,(anonymous_16)
FN:319,(anonymous_17)
FN:321,(anonymous_18)
FN:322,(anonymous_19)
FN:325,(anonymous_20)
FN:326,(anonymous_21)
FN:335,(anonymous_22)
FN:340,(anonymous_23)
FN:364,(anonymous_24)
FN:388,(anonymous_25)
FN:393,(anonymous_26)
FNF:27
FNH:0
FNDA:0,(anonymous_0)
FNDA:0,(anonymous_1)
FNDA:0,(anonymous_2)
FNDA:0,(anonymous_3)
FNDA:0,(anonymous_4)
FNDA:0,(anonymous_5)
FNDA:0,(anonymous_6)
FNDA:0,(anonymous_7)
FNDA:0,(anonymous_8)
FNDA:0,(anonymous_9)
FNDA:0,(anonymous_10)
FNDA:0,(anonymous_11)
FNDA:0,(anonymous_12)
FNDA:0,(anonymous_13)
FNDA:0,(anonymous_14)
FNDA:0,(anonymous_15)
FNDA:0,(anonymous_16)
FNDA:0,(anonymous_17)
FNDA:0,(anonymous_18)
FNDA:0,(anonymous_19)
FNDA:0,(anonymous_20)
FNDA:0,(anonymous_21)
FNDA:0,(anonymous_22)
FNDA:0,(anonymous_23)
FNDA:0,(anonymous_24)
FNDA:0,(anonymous_25)
FNDA:0,(anonymous_26)
DA:25,0
DA:29,0
DA:30,0
DA:34,0
DA:36,0
DA:41,0
DA:44,0
DA:48,0
DA:49,0
DA:50,0
DA:52,0
DA:57,0
DA:58,0
DA:60,0
DA:61,0
DA:62,0
DA:64,0
DA:69,0
DA:71,0
DA:74,0
DA:87,0
DA:88,0
DA:89,0
DA:92,0
DA:93,0
DA:96,0
DA:97,0
DA:98,0
DA:101,0
DA:109,0
DA:110,0
DA:111,0
DA:115,0
DA:120,0
DA:122,0
DA:123,0
DA:126,0
DA:127,0
DA:128,0
DA:130,0
DA:133,0
DA:141,0
DA:142,0
DA:146,0
DA:151,0
DA:152,0
DA:153,0
DA:157,0
DA:158,0
DA:162,0
DA:167,0
DA:175,0
DA:176,0
DA:179,0
DA:180,0
DA:183,0
DA:186,0
DA:188,0
DA:189,0
DA:190,0
DA:194,0
DA:195,0
DA:196,0
DA:199,0
DA:202,0
DA:203,0
DA:207,0
DA:208,0
DA:212,0
DA:214,0
DA:217,0
DA:220,0
DA:225,0
DA:226,0
DA:227,0
DA:235,0
DA:238,0
DA:239,0
DA:240,0
DA:243,0
DA:244,0
DA:245,0
DA:248,0
DA:249,0
DA:250,0
DA:253,0
DA:254,0
DA:255,0
DA:256,0
DA:259,0
DA:262,0
DA:265,0
DA:266,0
DA:267,0
DA:271,0
DA:272,0
DA:276,0
DA:280,0
DA:282,0
DA:284,0
DA:291,0
DA:292,0
DA:293,0
DA:296,0
DA:297,0
DA:300,0
DA:301,0
DA:302,0
DA:310,0
DA:313,0
DA:314,0
DA:315,0
DA:320,0
DA:321,0
DA:322,0
DA:325,0
DA:326,0
DA:327,0
DA:331,0
DA:336,0
DA:341,0
DA:343,0
DA:344,0
DA:347,0
DA:348,0
DA:349,0
DA:352,0
DA:353,0
DA:356,0
DA:359,0
DA:366,0
DA:367,0
DA:370,0
DA:371,0
DA:372,0
DA:376,0
DA:377,0
DA:378,0
DA:381,0
DA:384,0
DA:385,0
DA:387,0
DA:388,0
DA:393,0
DA:394,0
DA:396,0
DA:398,0
DA:399,0
DA:400,0
DA:401,0
DA:404,0
LF:151
LH:0
BRDA:29,0,0,0
BRDA:29,0,1,0
BRDA:34,1,0,0
BRDA:34,1,1,0
BRDA:34,2,0,0
BRDA:34,2,1,0
BRDA:34,2,2,0
BRDA:34,2,3,0
BRDA:36,3,0,0
BRDA:36,3,1,0
BRDA:37,4,0,0
BRDA:37,4,1,0
BRDA:37,4,2,0
BRDA:48,5,0,0
BRDA:48,5,1,0
BRDA:57,6,0,0
BRDA:57,6,1,0
BRDA:57,7,0,0
BRDA:57,7,1,0
BRDA:64,8,0,0
BRDA:64,8,1,0
BRDA:65,9,0,0
BRDA:65,9,1,0
BRDA:65,9,2,0
BRDA:87,10,0,0
BRDA:87,10,1,0
BRDA:87,11,0,0
BRDA:87,11,1,0
BRDA:87,11,2,0
BRDA:89,12,0,0
BRDA:89,12,1,0
BRDA:89,12,2,0
BRDA:89,12,3,0
BRDA:92,13,0,0
BRDA:92,13,1,0
BRDA:96,14,0,0
BRDA:96,14,1,0
BRDA:97,15,0,0
BRDA:97,15,1,0
BRDA:109,16,0,0
BRDA:109,16,1,0
BRDA:110,17,0,0
BRDA:110,17,1,0
BRDA:126,18,0,0
BRDA:126,18,1,0
BRDA:126,19,0,0
BRDA:126,19,1,0
BRDA:141,20,0,0
BRDA:141,20,1,0
BRDA:151,21,0,0
BRDA:151,21,1,0
BRDA:151,22,0,0
BRDA:151,22,1,0
BRDA:151,22,2,0
BRDA:153,23,0,0
BRDA:153,23,1,0
BRDA:157,24,0,0
BRDA:157,24,1,0
BRDA:162,25,0,0
BRDA:162,25,1,0
BRDA:163,26,0,0
BRDA:163,26,1,0
BRDA:163,26,2,0
BRDA:173,27,0,0
BRDA:175,28,0,0
BRDA:175,28,1,0
BRDA:183,29,0,0
BRDA:183,29,1,0
BRDA:186,30,0,0
BRDA:186,30,1,0
BRDA:188,31,0,0
BRDA:188,31,1,0
BRDA:194,32,0,0
BRDA:194,32,1,0
BRDA:194,33,0,0
BRDA:194,33,1,0
BRDA:194,33,2,0
BRDA:207,34,0,0
BRDA:207,34,1,0
BRDA:220,35,0,0
BRDA:220,35,1,0
BRDA:226,36,0,0
BRDA:226,36,1,0
BRDA:226,37,0,0
BRDA:226,37,1,0
BRDA:234,38,0,0
BRDA:238,39,0,0
BRDA:238,39,1,0
BRDA:243,40,0,0
BRDA:243,40,1,0
BRDA:248,41,0,0
BRDA:248,41,1,0
BRDA:253,42,0,0
BRDA:253,42,1,0
BRDA:256,43,0,0
BRDA:256,43,1,0
BRDA:265,44,0,0
BRDA:265,44,1,0
BRDA:271,45,0,0
BRDA:271,45,1,0
BRDA:282,46,0,0
BRDA:282,46,1,0
BRDA:282,47,0,0
BRDA:282,47,1,0
BRDA:290,48,0,0
BRDA:291,49,0,0
BRDA:291,49,1,0
BRDA:308,50,0,0
BRDA:310,51,0,0
BRDA:310,51,1,0
BRDA:310,52,0,0
BRDA:310,52,1,0
BRDA:314,53,0,0
BRDA:314,53,1,0
BRDA:314,53,2,0
BRDA:319,54,0,0
BRDA:321,55,0,0
BRDA:321,55,1,0
BRDA:331,56,0,0
BRDA:331,56,1,0
BRDA:331,57,0,0
BRDA:331,57,1,0
BRDA:343,58,0,0
BRDA:343,58,1,0
BRDA:343,59,0,0
BRDA:343,59,1,0
BRDA:343,59,2,0
BRDA:347,60,0,0
BRDA:347,60,1,0
BRDA:348,61,0,0
BRDA:348,61,1,0
BRDA:352,62,0,0
BRDA:352,62,1,0
BRDA:366,63,0,0
BRDA:366,63,1,0
BRDA:370,64,0,0
BRDA:370,64,1,0
BRDA:376,65,0,0
BRDA:376,65,1,0
BRDA:376,66,0,0
BRDA:376,66,1,0
BRDA:384,67,0,0
BRDA:384,67,1,0
BRDA:387,68,0,0
BRDA:387,68,1,0
BRDA:387,69,0,0
BRDA:387,69,1,0
BRDA:396,70,0,0
BRDA:396,70,1,0
BRF:149
BRH:0
end_of_record
TN:
SF:src/js/console.js
FN:5,noop
FN:8,(anonymous_1)
FN:16,(anonymous_2)
FN:21,(anonymous_3)
FN:25,(anonymous_4)
FNF:5
FNH:0
FNDA:0,noop
FNDA:0,(anonymous_1)
FNDA:0,(anonymous_2)
FNDA:0,(anonymous_3)
FNDA:0,(anonymous_4)
DA:9,0
DA:11,0
DA:12,0
DA:18,0
DA:22,0
DA:26,0
LF:6
LH:0
BRDA:8,0,0,0
BRDA:9,1,0,0
BRDA:9,1,1,0
BRDA:11,2,0,0
BRDA:11,2,1,0
BRDA:18,3,0,0
BRDA:18,3,1,0
BRDA:22,4,0,0
BRDA:22,4,1,0
BRDA:26,5,0,0
BRDA:26,5,1,0
BRF:11
BRH:0
end_of_record
TN:
SF:src/js/controls.js
FN:39,(anonymous_0)
FN:51,(anonymous_1)
FN:105,(anonymous_2)
FN:140,(anonymous_3)
FN:148,(anonymous_4)
FN:171,(anonymous_5)
FN:184,(anonymous_6)
FN:311,(anonymous_7)
FN:347,(anonymous_8)
FN:382,(anonymous_9)
FN:404,(anonymous_10)
FN:410,(anonymous_11)
FN:459,(anonymous_12)
FN:467,(anonymous_13)
FN:495,(anonymous_14)
FN:498,(anonymous_15)
FN:502,(anonymous_16)
FN:503,(anonymous_17)
FN:513,(anonymous_18)
FN:552,(anonymous_19)
FN:565,(anonymous_20)
FN:575,(anonymous_21)
FN:592,(anonymous_22)
FN:604,(anonymous_23)
FN:611,(anonymous_24)
FN:656,(anonymous_25)
FN:695,(anonymous_26)
FN:708,(anonymous_27)
FN:745,(anonymous_28)
FN:763,(anonymous_29)
FN:785,(anonymous_30)
FN:828,(anonymous_31)
FN:833,(anonymous_32)
FN:885,(anonymous_33)
FN:912,(anonymous_34)
FN:923,(anonymous_35)
FN:942,(anonymous_36)
FN:954,(anonymous_37)
FN:958,(anonymous_38)
FN:1019,(anonymous_39)
FN:1046,(anonymous_40)
FN:1071,(anonymous_41)
FN:1081,(anonymous_42)
FN:1099,(anonymous_43)
FN:1112,(anonymous_44)
FN:1114,(anonymous_45)
FN:1120,(anonymous_46)
FN:1128,(anonymous_47)
FN:1137,(anonymous_48)
FN:1190,(anonymous_49)
FN:1213,(anonymous_50)
FN:1223,(anonymous_51)
FN:1235,(anonymous_52)
FN:1268,(anonymous_53)
FN:1281,(anonymous_54)
FN:1307,(anonymous_55)
FN:1469,(anonymous_56)
FN:1486,(anonymous_57)
FN:1542,(anonymous_58)
FN:1556,(anonymous_59)
FN:1636,(anonymous_60)
FN:1691,(anonymous_61)
FN:1694,(anonymous_62)
FN:1732,(anonymous_63)
FN:1739,(anonymous_64)
FN:1742,(anonymous_65)
FN:1752,(anonymous_66)
FN:1773,(anonymous_67)
FN:1781,(anonymous_68)
FN:1798,(anonymous_69)
FN:1802,(anonymous_70)
FN:1809,(anonymous_71)
FN:1812,(anonymous_72)
FN:1825,(anonymous_73)
FN:1833,(anonymous_74)
FN:1838,(anonymous_75)
FNF:76
FNH:0
FNDA:0,(anonymous_0)
FNDA:0,(anonymous_1)
FNDA:0,(anonymous_2)
FNDA:0,(anonymous_3)
FNDA:0,(anonymous_4)
FNDA:0,(anonymous_5)
FNDA:0,(anonymous_6)
FNDA:0,(anonymous_7)
FNDA:0,(anonymous_8)
FNDA:0,(anonymous_9)
FNDA:0,(anonymous_10)
FNDA:0,(anonymous_11)
FNDA:0,(anonymous_12)
FNDA:0,(anonymous_13)
FNDA:0,(anonymous_14)
FNDA:0,(anonymous_15)
FNDA:0,(anonymous_16)
FNDA:0,(anonymous_17)
FNDA:0,(anonymous_18)
FNDA:0,(anonymous_19)
FNDA:0,(anonymous_20)
FNDA:0,(anonymous_21)
FNDA:0,(anonymous_22)
FNDA:0,(anonymous_23)
FNDA:0,(anonymous_24)
FNDA:0,(anonymous_25)
FNDA:0,(anonymous_26)
FNDA:0,(anonymous_27)
FNDA:0,(anonymous_28)
FNDA:0,(anonymous_29)
FNDA:0,(anonymous_30)
FNDA:0,(anonymous_31)
FNDA:0,(anonymous_32)
FNDA:0,(anonymous_33)
FNDA:0,(anonymous_34)
FNDA:0,(anonymous_35)
FNDA:0,(anonymous_36)
FNDA:0,(anonymous_37)
FNDA:0,(anonymous_38)
FNDA:0,(anonymous_39)
FNDA:0,(anonymous_40)
FNDA:0,(anonymous_41)
FNDA:0,(anonymous_42)
FNDA:0,(anonymous_43)
FNDA:0,(anonymous_44)
FNDA:0,(anonymous_45)
FNDA:0,(anonymous_46)
FNDA:0,(anonymous_47)
FNDA:0,(anonymous_48)
FNDA:0,(anonymous_49)
FNDA:0,(anonymous_50)
FNDA:0,(anonymous_51)
FNDA:0,(anonymous_52)
FNDA:0,(anonymous_53)
FNDA:0,(anonymous_54)
FNDA:0,(anonymous_55)
FNDA:0,(anonymous_56)
FNDA:0,(anonymous_57)
FNDA:0,(anonymous_58)
FNDA:0,(anonymous_59)
FNDA:0,(anonymous_60)
FNDA:0,(anonymous_61)
FNDA:0,(anonymous_62)
FNDA:0,(anonymous_63)
FNDA:0,(anonymous_64)
FNDA:0,(anonymous_65)
FNDA:0,(anonymous_66)
FNDA:0,(anonymous_67)
FNDA:0,(anonymous_68)
FNDA:0,(anonymous_69)
FNDA:0,(anonymous_70)
FNDA:0,(anonymous_71)
FNDA:0,(anonymous_72)
FNDA:0,(anonymous_73)
FNDA:0,(anonymous_74)
FNDA:0,(anonymous_75)
DA:37,0
DA:40,0
DA:41,0
DA:42,0
DA:44,0
DA:52,0
DA:53,0
DA:56,0
DA:71,0
DA:74,0
DA:80,0
DA:87,0
DA:88,0
DA:91,0
DA:95,0
DA:98,0
DA:100,0
DA:106,0
DA:107,0
DA:108,0
DA:110,0
DA:111,0
DA:120,0
DA:121,0
DA:126,0
DA:127,0
DA:131,0
DA:134,0
DA:136,0
DA:141,0
DA:142,0
DA:144,0
DA:149,0
DA:150,0
DA:153,0
DA:157,0
DA:167,0
DA:172,0
DA:173,0
DA:175,0
DA:184,0
DA:185,0
DA:186,0
DA:187,0
DA:192,0
DA:193,0
DA:197,0
DA:198,0
DA:199,0
DA:205,0
DA:209,0
DA:211,0
DA:212,0
DA:213,0
DA:214,0
DA:215,0
DA:216,0
DA:219,0
DA:220,0
DA:221,0
DA:222,0
DA:223,0
DA:224,0
DA:227,0
DA:228,0
DA:229,0
DA:230,0
DA:231,0
DA:232,0
DA:235,0
DA:236,0
DA:237,0
DA:238,0
DA:239,0
DA:240,0
DA:243,0
DA:244,0
DA:245,0
DA:246,0
DA:247,0
DA:250,0
DA:251,0
DA:253,0
DA:254,0
DA:258,0
DA:261,0
DA:263,0
DA:268,0
DA:275,0
DA:280,0
DA:287,0
DA:288,0
DA:292,0
DA:293,0
DA:296,0
DA:297,0
DA:298,0
DA:301,0
DA:304,0
DA:307,0
DA:313,0
DA:335,0
DA:338,0
DA:341,0
DA:343,0
DA:348,0
DA:364,0
DA:365,0
DA:367,0
DA:371,0
DA:373,0
DA:376,0
DA:378,0
DA:383,0
DA:385,0
DA:396,0
DA:398,0
DA:406,0
DA:412,0
DA:413,0
DA:417,0
DA:418,0
DA:421,0
DA:422,0
DA:425,0
DA:428,0
DA:429,0
DA:434,0
DA:435,0
DA:436,0
DA:438,0
DA:439,0
DA:443,0
DA:445,0
DA:446,0
DA:450,0
DA:459,0
DA:460,0
DA:462,0
DA:468,0
DA:470,0
DA:481,0
DA:484,0
DA:486,0
DA:487,0
DA:490,0
DA:493,0
DA:496,0
DA:500,0
DA:501,0
DA:502,0
DA:503,0
DA:506,0
DA:510,0
DA:514,0
DA:515,0
DA:518,0
DA:519,0
DA:521,0
DA:523,0
DA:525,0
DA:526,0
DA:529,0
DA:530,0
DA:533,0
DA:534,0
DA:537,0
DA:540,0
DA:546,0
DA:548,0
DA:554,0
DA:555,0
DA:559,0
DA:561,0
DA:567,0
DA:568,0
DA:571,0
DA:576,0
DA:577,0
DA:581,0
DA:582,0
DA:586,0
DA:587,0
DA:593,0
DA:594,0
DA:597,0
DA:600,0
DA:605,0
DA:606,0
DA:609,0
DA:611,0
DA:612,0
DA:613,0
DA:616,0
DA:617,0
DA:620,0
DA:621,0
DA:622,0
DA:627,0
DA:628,0
DA:633,0
DA:636,0
DA:637,0
DA:640,0
DA:645,0
DA:647,0
DA:650,0
DA:658,0
DA:661,0
DA:662,0
DA:666,0
DA:667,0
DA:668,0
DA:669,0
DA:670,0
DA:671,0
DA:676,0
DA:677,0
DA:678,0
DA:679,0
DA:682,0
DA:686,0
DA:687,0
DA:691,0
DA:697,0
DA:703,0
DA:706,0
DA:707,0
DA:708,0
DA:711,0
DA:712,0
DA:713,0
DA:717,0
DA:718,0
DA:720,0
DA:721,0
DA:722,0
DA:724,0
DA:725,0
DA:728,0
DA:732,0
DA:733,0
DA:735,0
DA:736,0
DA:739,0
DA:742,0
DA:745,0
DA:748,0
DA:749,0
DA:753,0
DA:757,0
DA:758,0
DA:765,0
DA:768,0
DA:776,0
DA:777,0
DA:781,0
DA:787,0
DA:788,0
DA:795,0
DA:796,0
DA:797,0
DA:798,0
DA:802,0
DA:803,0
DA:807,0
DA:810,0
DA:811,0
DA:815,0
DA:816,0
DA:819,0
DA:820,0
DA:824,0
DA:829,0
DA:834,0
DA:835,0
DA:836,0
DA:838,0
DA:839,0
DA:842,0
DA:845,0
DA:846,0
DA:850,0
DA:851,0
DA:852,0
DA:856,0
DA:857,0
DA:858,0
DA:863,0
DA:864,0
DA:868,0
DA:869,0
DA:873,0
DA:874,0
DA:877,0
DA:879,0
DA:880,0
DA:886,0
DA:888,0
DA:891,0
DA:892,0
DA:894,0
DA:895,0
DA:898,0
DA:901,0
DA:904,0
DA:907,0
DA:914,0
DA:915,0
DA:918,0
DA:919,0
DA:922,0
DA:923,0
DA:927,0
DA:928,0
DA:931,0
DA:934,0
DA:937,0
DA:938,0
DA:942,0
DA:943,0
DA:945,0
DA:946,0
DA:949,0
DA:953,0
DA:955,0
DA:956,0
DA:959,0
DA:968,0
DA:1021,0
DA:1022,0
DA:1026,0
DA:1027,0
DA:1028,0
DA:1029,0
DA:1032,0
DA:1035,0
DA:1038,0
DA:1041,0
DA:1042,0
DA:1046,0
DA:1056,0
DA:1065,0
DA:1067,0
DA:1073,0
DA:1074,0
DA:1077,0
DA:1078,0
DA:1081,0
DA:1084,0
DA:1085,0
DA:1088,0
DA:1091,0
DA:1094,0
DA:1095,0
DA:1099,0
DA:1100,0
DA:1108,0
DA:1113,0
DA:1114,0
DA:1116,0
DA:1121,0
DA:1122,0
DA:1125,0
DA:1127,0
DA:1128,0
DA:1131,0
DA:1133,0
DA:1138,0
DA:1139,0
DA:1142,0
DA:1143,0
DA:1147,0
DA:1148,0
DA:1150,0
DA:1151,0
DA:1153,0
DA:1154,0
DA:1156,0
DA:1159,0
DA:1160,0
DA:1165,0
DA:1166,0
DA:1171,0
DA:1174,0
DA:1177,0
DA:1180,0
DA:1181,0
DA:1183,0
DA:1185,0
DA:1191,0
DA:1192,0
DA:1193,0
DA:1194,0
DA:1197,0
DA:1200,0
DA:1201,0
DA:1204,0
DA:1206,0
DA:1214,0
DA:1217,0
DA:1218,0
DA:1222,0
DA:1223,0
DA:1226,0
DA:1228,0
DA:1229,0
DA:1232,0
DA:1235,0
DA:1237,0
DA:1238,0
DA:1242,0
DA:1243,0
DA:1246,0
DA:1250,0
DA:1253,0
DA:1254,0
DA:1258,0
DA:1261,0
DA:1264,0
DA:1269,0
DA:1272,0
DA:1273,0
DA:1277,0
DA:1291,0
DA:1292,0
DA:1295,0
DA:1296,0
DA:1300,0
DA:1301,0
DA:1304,0
DA:1307,0
DA:1309,0
DA:1310,0
DA:1314,0
DA:1315,0
DA:1319,0
DA:1320,0
DA:1324,0
DA:1325,0
DA:1329,0
DA:1330,0
DA:1334,0
DA:1337,0
DA:1344,0
DA:1349,0
DA:1350,0
DA:1358,0
DA:1359,0
DA:1362,0
DA:1363,0
DA:1364,0
DA:1368,0
DA:1369,0
DA:1373,0
DA:1374,0
DA:1378,0
DA:1379,0
DA:1382,0
DA:1383,0
DA:1390,0
DA:1392,0
DA:1396,0
DA:1397,0
DA:1403,0
DA:1405,0
DA:1412,0
DA:1425,0
DA:1426,0
DA:1430,0
DA:1431,0
DA:1439,0
DA:1447,0
DA:1453,0
DA:1455,0
DA:1460,0
DA:1464,0
DA:1465,0
DA:1466,0
DA:1469,0
DA:1471,0
DA:1483,0
DA:1486,0
DA:1487,0
DA:1490,0
DA:1492,0
DA:1497,0
DA:1499,0
DA:1500,0
DA:1501,0
DA:1504,0
DA:1510,0
DA:1516,0
DA:1527,0
DA:1538,0
DA:1543,0
DA:1546,0
DA:1547,0
DA:1550,0
DA:1556,0
DA:1557,0
DA:1561,0
DA:1564,0
DA:1570,0
DA:1572,0
DA:1573,0
DA:1576,0
DA:1577,0
DA:1578,0
DA:1580,0
DA:1581,0
DA:1585,0
DA:1586,0
DA:1590,0
DA:1591,0
DA:1595,0
DA:1596,0
DA:1603,0
DA:1604,0
DA:1607,0
DA:1609,0
DA:1610,0
DA:1616,0
DA:1620,0
DA:1621,0
DA:1626,0
DA:1627,0
DA:1630,0
DA:1632,0
DA:1638,0
DA:1639,0
DA:1642,0
DA:1643,0
DA:1648,0
DA:1651,0
DA:1652,0
DA:1655,0
DA:1660,0
DA:1663,0
DA:1664,0
DA:1668,0
DA:1669,0
DA:1672,0
DA:1674,0
DA:1678,0
DA:1687,0
DA:1691,0
DA:1692,0
DA:1694,0
DA:1695,0
DA:1698,0
DA:1702,0
DA:1703,0
DA:1704,0
DA:1712,0
DA:1713,0
DA:1717,0
DA:1718,0
DA:1722,0
DA:1723,0
DA:1726,0
DA:1727,0
DA:1731,0
DA:1732,0
DA:1733,0
DA:1734,0
DA:1736,0
DA:1740,0
DA:1743,0
DA:1744,0
DA:1750,0
DA:1753,0
DA:1754,0
DA:1757,0
DA:1763,0
DA:1764,0
DA:1768,0
DA:1769,0
DA:1770,0
DA:1771,0
DA:1773,0
DA:1774,0
DA:1775,0
DA:1782,0
DA:1783,0
DA:1784,0
DA:1799,0
DA:1802,0
DA:1803,0
DA:1805,0
DA:1806,0
DA:1807,0
DA:1808,0
DA:1809,0
DA:1812,0
DA:1813,0
DA:1821,0
DA:1823,0
DA:1825,0
DA:1826,0
DA:1827,0
DA:1828,0
DA:1829,0
DA:1833,0
DA:1834,0
DA:1838,0
DA:1839,0
DA:1842,0
DA:1843,0
DA:1846,0
DA:1849,0
DA:1850,0
DA:1858,0
DA:1861,0
DA:1866,0
LF:615
LH:0
BRDA:41,0,0,0
BRDA:41,0,1,0
BRDA:42,1,0,0
BRDA:42,1,1,0
BRDA:42,1,2,0
BRDA:87,2,0,0
BRDA:87,2,1,0
BRDA:108,3,0,0
BRDA:108,3,1,0
BRDA:126,4,0,0
BRDA:126,4,1,0
BRDA:140,5,0,0
BRDA:149,6,0,0
BRDA:149,6,1,0
BRDA:185,7,0,0
BRDA:185,7,1,0
BRDA:192,8,0,0
BRDA:192,8,1,0
BRDA:192,9,0,0
BRDA:192,9,1,0
BRDA:197,10,0,0
BRDA:197,10,1,0
BRDA:198,11,0,0
BRDA:198,11,1,0
BRDA:209,12,0,0
BRDA:209,12,1,0
BRDA:209,12,2,0
BRDA:209,12,3,0
BRDA:209,12,4,0
BRDA:209,12,5,0
BRDA:250,13,0,0
BRDA:250,13,1,0
BRDA:253,14,0,0
BRDA:253,14,1,0
BRDA:261,15,0,0
BRDA:261,15,1,0
BRDA:296,16,0,0
BRDA:296,16,1,0
BRDA:297,17,0,0
BRDA:297,17,1,0
BRDA:364,18,0,0
BRDA:364,18,1,0
BRDA:371,19,0,0
BRDA:371,19,1,0
BRDA:388,20,0,0
BRDA:388,20,1,0
BRDA:412,21,0,0
BRDA:412,21,1,0
BRDA:421,22,0,0
BRDA:421,22,1,0
BRDA:428,23,0,0
BRDA:428,23,1,0
BRDA:428,24,0,0
BRDA:428,24,1,0
BRDA:434,25,0,0
BRDA:434,25,1,0
BRDA:435,26,0,0
BRDA:435,26,1,0
BRDA:435,27,0,0
BRDA:435,27,1,0
BRDA:435,27,2,0
BRDA:438,28,0,0
BRDA:438,28,1,0
BRDA:445,29,0,0
BRDA:445,29,1,0
BRDA:460,30,0,0
BRDA:460,30,1,0
BRDA:467,31,0,0
BRDA:467,32,0,0
BRDA:475,33,0,0
BRDA:475,33,1,0
BRDA:486,34,0,0
BRDA:486,34,1,0
BRDA:500,35,0,0
BRDA:500,35,1,0
BRDA:506,36,0,0
BRDA:506,36,1,0
BRDA:514,37,0,0
BRDA:514,37,1,0
BRDA:514,38,0,0
BRDA:514,38,1,0
BRDA:523,39,0,0
BRDA:523,39,1,0
BRDA:523,39,2,0
BRDA:523,39,3,0
BRDA:552,40,0,0
BRDA:552,41,0,0
BRDA:554,42,0,0
BRDA:554,42,1,0
BRDA:565,43,0,0
BRDA:565,44,0,0
BRDA:565,45,0,0
BRDA:567,46,0,0
BRDA:567,46,1,0
BRDA:567,47,0,0
BRDA:567,47,1,0
BRDA:576,48,0,0
BRDA:576,48,1,0
BRDA:581,49,0,0
BRDA:581,49,1,0
BRDA:582,50,0,0
BRDA:582,50,1,0
BRDA:586,51,0,0
BRDA:586,51,1,0
BRDA:587,52,0,0
BRDA:587,52,1,0
BRDA:592,53,0,0
BRDA:593,54,0,0
BRDA:593,54,1,0
BRDA:605,55,0,0
BRDA:605,55,1,0
BRDA:605,56,0,0
BRDA:605,56,1,0
BRDA:612,57,0,0
BRDA:612,57,1,0
BRDA:613,58,0,0
BRDA:613,58,1,0
BRDA:616,59,0,0
BRDA:616,59,1,0
BRDA:621,60,0,0
BRDA:621,60,1,0
BRDA:627,61,0,0
BRDA:627,61,1,0
BRDA:628,62,0,0
BRDA:628,62,1,0
BRDA:628,62,2,0
BRDA:628,62,3,0
BRDA:628,62,4,0
BRDA:628,62,5,0
BRDA:636,63,0,0
BRDA:636,63,1,0
BRDA:658,64,0,0
BRDA:658,64,1,0
BRDA:661,65,0,0
BRDA:661,65,1,0
BRDA:661,66,0,0
BRDA:661,66,1,0
BRDA:666,67,0,0
BRDA:666,67,1,0
BRDA:676,68,0,0
BRDA:676,68,1,0
BRDA:686,69,0,0
BRDA:686,69,1,0
BRDA:686,70,0,0
BRDA:686,70,1,0
BRDA:697,71,0,0
BRDA:697,71,1,0
BRDA:698,72,0,0
BRDA:698,72,1,0
BRDA:698,72,2,0
BRDA:698,72,3,0
BRDA:711,73,0,0
BRDA:711,73,1,0
BRDA:720,74,0,0
BRDA:720,74,1,0
BRDA:724,75,0,0
BRDA:724,75,1,0
BRDA:732,76,0,0
BRDA:732,76,1,0
BRDA:735,77,0,0
BRDA:735,77,1,0
BRDA:748,78,0,0
BRDA:748,78,1,0
BRDA:757,79,0,0
BRDA:757,79,1,0
BRDA:757,80,0,0
BRDA:757,80,1,0
BRDA:765,81,0,0
BRDA:765,81,1,0
BRDA:771,82,0,0
BRDA:771,82,1,0
BRDA:776,83,0,0
BRDA:776,83,1,0
BRDA:776,84,0,0
BRDA:776,84,1,0
BRDA:776,84,2,0
BRDA:787,85,0,0
BRDA:787,85,1,0
BRDA:787,86,0,0
BRDA:787,86,1,0
BRDA:787,86,2,0
BRDA:795,87,0,0
BRDA:795,87,1,0
BRDA:802,88,0,0
BRDA:802,88,1,0
BRDA:810,89,0,0
BRDA:810,89,1,0
BRDA:810,90,0,0
BRDA:810,90,1,0
BRDA:810,90,2,0
BRDA:815,91,0,0
BRDA:815,91,1,0
BRDA:819,92,0,0
BRDA:819,92,1,0
BRDA:838,93,0,0
BRDA:838,93,1,0
BRDA:842,94,0,0
BRDA:842,94,1,0
BRDA:845,95,0,0
BRDA:845,95,1,0
BRDA:850,96,0,0
BRDA:850,96,1,0
BRDA:850,97,0,0
BRDA:850,97,1,0
BRDA:856,98,0,0
BRDA:856,98,1,0
BRDA:863,99,0,0
BRDA:863,99,1,0
BRDA:864,100,0,0
BRDA:864,100,1,0
BRDA:868,101,0,0
BRDA:868,101,1,0
BRDA:877,102,0,0
BRDA:877,102,1,0
BRDA:879,103,0,0
BRDA:879,103,1,0
BRDA:886,104,0,0
BRDA:886,104,1,0
BRDA:886,104,2,0
BRDA:886,104,3,0
BRDA:888,105,0,0
BRDA:888,105,1,0
BRDA:891,106,0,0
BRDA:891,106,1,0
BRDA:894,107,0,0
BRDA:894,107,1,0
BRDA:914,108,0,0
BRDA:914,108,1,0
BRDA:922,109,0,0
BRDA:922,109,1,0
BRDA:927,110,0,0
BRDA:927,110,1,0
BRDA:937,111,0,0
BRDA:937,111,1,0
BRDA:945,112,0,0
BRDA:945,112,1,0
BRDA:956,113,0,0
BRDA:956,113,1,0
BRDA:1021,114,0,0
BRDA:1021,114,1,0
BRDA:1041,115,0,0
BRDA:1041,115,1,0
BRDA:1048,116,0,0
BRDA:1048,116,1,0
BRDA:1050,117,0,0
BRDA:1050,117,1,0
BRDA:1073,118,0,0
BRDA:1073,118,1,0
BRDA:1081,119,0,0
BRDA:1081,119,1,0
BRDA:1084,120,0,0
BRDA:1084,120,1,0
BRDA:1094,121,0,0
BRDA:1094,121,1,0
BRDA:1114,122,0,0
BRDA:1114,122,1,0
BRDA:1120,123,0,0
BRDA:1121,124,0,0
BRDA:1121,124,1,0
BRDA:1127,125,0,0
BRDA:1127,125,1,0
BRDA:1142,126,0,0
BRDA:1142,126,1,0
BRDA:1142,127,0,0
BRDA:1142,127,1,0
BRDA:1150,128,0,0
BRDA:1150,128,1,0
BRDA:1153,129,0,0
BRDA:1153,129,1,0
BRDA:1153,130,0,0
BRDA:1153,130,1,0
BRDA:1156,131,0,0
BRDA:1156,131,1,0
BRDA:1159,132,0,0
BRDA:1159,132,1,0
BRDA:1165,133,0,0
BRDA:1165,133,1,0
BRDA:1165,134,0,0
BRDA:1165,134,1,0
BRDA:1165,134,2,0
BRDA:1165,134,3,0
BRDA:1180,135,0,0
BRDA:1180,135,1,0
BRDA:1180,136,0,0
BRDA:1180,136,1,0
BRDA:1183,137,0,0
BRDA:1183,137,1,0
BRDA:1183,138,0,0
BRDA:1183,138,1,0
BRDA:1213,139,0,0
BRDA:1213,140,0,0
BRDA:1217,141,0,0
BRDA:1217,141,1,0
BRDA:1226,142,0,0
BRDA:1226,142,1,0
BRDA:1226,143,0,0
BRDA:1226,143,1,0
BRDA:1237,144,0,0
BRDA:1237,144,1,0
BRDA:1237,145,0,0
BRDA:1237,145,1,0
BRDA:1272,146,0,0
BRDA:1272,146,1,0
BRDA:1295,147,0,0
BRDA:1295,147,1,0
BRDA:1295,148,0,0
BRDA:1295,148,1,0
BRDA:1307,149,0,0
BRDA:1307,149,1,0
BRDA:1309,150,0,0
BRDA:1309,150,1,0
BRDA:1314,151,0,0
BRDA:1314,151,1,0
BRDA:1319,152,0,0
BRDA:1319,152,1,0
BRDA:1324,153,0,0
BRDA:1324,153,1,0
BRDA:1329,154,0,0
BRDA:1329,154,1,0
BRDA:1349,155,0,0
BRDA:1349,155,1,0
BRDA:1368,156,0,0
BRDA:1368,156,1,0
BRDA:1373,157,0,0
BRDA:1373,157,1,0
BRDA:1378,158,0,0
BRDA:1378,158,1,0
BRDA:1378,159,0,0
BRDA:1378,159,1,0
BRDA:1382,160,0,0
BRDA:1382,160,1,0
BRDA:1382,161,0,0
BRDA:1382,161,1,0
BRDA:1396,162,0,0
BRDA:1396,162,1,0
BRDA:1403,163,0,0
BRDA:1403,163,1,0
BRDA:1403,164,0,0
BRDA:1403,164,1,0
BRDA:1403,164,2,0
BRDA:1425,165,0,0
BRDA:1425,165,1,0
BRDA:1430,166,0,0
BRDA:1430,166,1,0
BRDA:1430,167,0,0
BRDA:1430,167,1,0
BRDA:1543,168,0,0
BRDA:1543,168,1,0
BRDA:1585,169,0,0
BRDA:1585,169,1,0
BRDA:1585,170,0,0
BRDA:1585,170,1,0
BRDA:1590,171,0,0
BRDA:1590,171,1,0
BRDA:1590,172,0,0
BRDA:1590,172,1,0
BRDA:1595,173,0,0
BRDA:1595,173,1,0
BRDA:1603,174,0,0
BRDA:1603,174,1,0
BRDA:1609,175,0,0
BRDA:1609,175,1,0
BRDA:1609,176,0,0
BRDA:1609,176,1,0
BRDA:1620,177,0,0
BRDA:1620,177,1,0
BRDA:1626,178,0,0
BRDA:1626,178,1,0
BRDA:1638,179,0,0
BRDA:1638,179,1,0
BRDA:1642,180,0,0
BRDA:1642,180,1,0
BRDA:1663,181,0,0
BRDA:1663,181,1,0
BRDA:1668,182,0,0
BRDA:1668,182,1,0
BRDA:1672,183,0,0
BRDA:1672,183,1,0
BRDA:1672,184,0,0
BRDA:1672,184,1,0
BRDA:1702,185,0,0
BRDA:1702,185,1,0
BRDA:1703,186,0,0
BRDA:1703,186,1,0
BRDA:1712,187,0,0
BRDA:1712,187,1,0
BRDA:1717,188,0,0
BRDA:1717,188,1,0
BRDA:1722,189,0,0
BRDA:1722,189,1,0
BRDA:1726,190,0,0
BRDA:1726,190,1,0
BRDA:1731,191,0,0
BRDA:1731,191,1,0
BRDA:1742,192,0,0
BRDA:1744,193,0,0
BRDA:1744,193,1,0
BRDA:1753,194,0,0
BRDA:1753,194,1,0
BRDA:1753,195,0,0
BRDA:1753,195,1,0
BRDA:1763,196,0,0
BRDA:1763,196,1,0
BRDA:1768,197,0,0
BRDA:1768,197,1,0
BRDA:1783,198,0,0
BRDA:1783,198,1,0
BRDA:1799,199,0,0
BRDA:1799,199,1,0
BRDA:1799,200,0,0
BRDA:1799,200,1,0
BRDA:1802,201,0,0
BRDA:1802,201,1,0
BRDA:1803,202,0,0
BRDA:1803,202,1,0
BRDA:1823,203,0,0
BRDA:1823,203,1,0
BRDA:1826,204,0,0
BRDA:1826,204,1,0
BRDA:1849,205,0,0
BRDA:1849,205,1,0
BRF:421
BRH:0
end_of_record
TN:
SF:src/js/fullscreen.js
FN:14,(anonymous_0)
FN:39,(anonymous_1)
FN:46,(anonymous_2)
FN:56,(anonymous_3)
FN:63,(anonymous_4)
FN:73,(anonymous_5)
FN:78,(anonymous_6)
FN:86,(anonymous_7)
FN:98,(anonymous_8)
FN:103,(anonymous_9)
FN:121,(anonymous_10)
FN:137,(anonymous_11)
FN:143,(anonymous_12)
FN:158,(anonymous_13)
FN:197,(anonymous_14)
FN:207,(anonymous_15)
FN:230,(anonymous_16)
FN:249,(anonymous_17)
FN:273,(anonymous_18)
FN:299,(anonymous_19)
FNF:20
FNH:0
FNDA:0,(anonymous_0)
FNDA:0,(anonymous_1)
FNDA:0,(anonymous_2)
FNDA:0,(anonymous_3)
FNDA:0,(anonymous_4)
FNDA:0,(anonymous_5)
FNDA:0,(anonymous_6)
FNDA:0,(anonymous_7)
FNDA:0,(anonymous_8)
FNDA:0,(anonymous_9)
FNDA:0,(anonymous_10)
FNDA:0,(anonymous_11)
FNDA:0,(anonymous_12)
FNDA:0,(anonymous_13)
FNDA:0,(anonymous_14)
FNDA:0,(anonymous_15)
FNDA:0,(anonymous_16)
FNDA:0,(anonymous_17)
FNDA:0,(anonymous_18)
FNDA:0,(anonymous_19)
DA:16,0
DA:19,0
DA:20,0
DA:23,0
DA:26,0
DA:30,0
DA:35,0
DA:41,0
DA:46,0
DA:48,0
DA:49,0
DA:52,0
DA:56,0
DA:59,0
DA:64,0
DA:74,0
DA:80,0
DA:83,0
DA:84,0
DA:86,0
DA:87,0
DA:88,0
DA:89,0
DA:92,0
DA:95,0
DA:99,0
DA:104,0
DA:122,0
DA:125,0
DA:126,0
DA:129,0
DA:133,0
DA:138,0
DA:143,0
DA:144,0
DA:147,0
DA:148,0
DA:149,0
DA:153,0
DA:155,0
DA:158,0
DA:160,0
DA:161,0
DA:167,0
DA:171,0
DA:174,0
DA:177,0
DA:178,0
DA:179,0
DA:182,0
DA:183,0
DA:184,0
DA:188,0
DA:190,0
DA:191,0
DA:192,0
DA:194,0
DA:195,0
DA:197,0
DA:203,0
DA:207,0
DA:209,0
DA:212,0
DA:213,0
DA:214,0
DA:215,0
DA:217,0
DA:219,0
DA:220,0
DA:222,0
DA:224,0
DA:225,0
DA:230,0
DA:231,0
DA:234,0
DA:235,0
DA:236,0
DA:238,0
DA:241,0
DA:245,0
DA:249,0
DA:250,0
DA:253,0
DA:254,0
DA:255,0
DA:258,0
DA:261,0
DA:262,0
DA:264,0
DA:265,0
DA:267,0
DA:268,0
DA:273,0
DA:274,0
DA:277,0
DA:278,0
DA:279,0
DA:282,0
DA:284,0
DA:286,0
DA:287,0
DA:289,0
DA:290,0
DA:292,0
DA:293,0
DA:294,0
DA:299,0
DA:300,0
DA:301,0
LF:109
LH:0
BRDA:31,0,0,0
BRDA:31,0,1,0
BRDA:38,1,0,0
BRDA:38,1,1,0
BRDA:48,2,0,0
BRDA:48,2,1,0
BRDA:48,3,0,0
BRDA:48,3,1,0
BRDA:65,4,0,0
BRDA:65,4,1,0
BRDA:65,4,2,0
BRDA:65,4,3,0
BRDA:74,5,0,0
BRDA:74,5,1,0
BRDA:80,6,0,0
BRDA:80,6,1,0
BRDA:87,7,0,0
BRDA:87,7,1,0
BRDA:87,8,0,0
BRDA:87,8,1,0
BRDA:99,9,0,0
BRDA:99,9,1,0
BRDA:110,10,0,0
BRDA:110,10,1,0
BRDA:113,11,0,0
BRDA:113,11,1,0
BRDA:113,11,2,0
BRDA:113,11,3,0
BRDA:113,11,4,0
BRDA:122,12,0,0
BRDA:122,12,1,0
BRDA:125,13,0,0
BRDA:125,13,1,0
BRDA:125,14,0,0
BRDA:125,14,1,0
BRDA:129,15,0,0
BRDA:129,15,1,0
BRDA:133,16,0,0
BRDA:133,16,1,0
BRDA:133,17,0,0
BRDA:133,17,1,0
BRDA:138,18,0,0
BRDA:138,18,1,0
BRDA:138,19,0,0
BRDA:138,19,1,0
BRDA:140,20,0,0
BRDA:140,20,1,0
BRDA:144,21,0,0
BRDA:144,21,1,0
BRDA:148,22,0,0
BRDA:148,22,1,0
BRDA:153,23,0,0
BRDA:153,23,1,0
BRDA:155,24,0,0
BRDA:155,24,1,0
BRDA:158,25,0,0
BRDA:160,26,0,0
BRDA:160,26,1,0
BRDA:162,27,0,0
BRDA:162,27,1,0
BRDA:163,28,0,0
BRDA:163,28,1,0
BRDA:171,29,0,0
BRDA:171,29,1,0
BRDA:177,30,0,0
BRDA:177,30,1,0
BRDA:182,31,0,0
BRDA:182,31,1,0
BRDA:188,32,0,0
BRDA:188,32,1,0
BRDA:190,33,0,0
BRDA:190,33,1,0
BRDA:192,34,0,0
BRDA:192,34,1,0
BRDA:194,35,0,0
BRDA:194,35,1,0
BRDA:209,36,0,0
BRDA:209,36,1,0
BRDA:209,37,0,0
BRDA:209,37,1,0
BRDA:209,37,2,0
BRDA:209,37,3,0
BRDA:217,38,0,0
BRDA:217,38,1,0
BRDA:217,39,0,0
BRDA:217,39,1,0
BRDA:222,40,0,0
BRDA:222,40,1,0
BRDA:222,41,0,0
BRDA:222,41,1,0
BRDA:231,42,0,0
BRDA:231,42,1,0
BRDA:234,43,0,0
BRDA:234,43,1,0
BRDA:235,44,0,0
BRDA:235,44,1,0
BRDA:250,45,0,0
BRDA:250,45,1,0
BRDA:253,46,0,0
BRDA:253,46,1,0
BRDA:253,47,0,0
BRDA:253,47,1,0
BRDA:254,48,0,0
BRDA:254,48,1,0
BRDA:261,49,0,0
BRDA:261,49,1,0
BRDA:261,50,0,0
BRDA:261,50,1,0
BRDA:264,51,0,0
BRDA:264,51,1,0
BRDA:267,52,0,0
BRDA:267,52,1,0
BRDA:274,53,0,0
BRDA:274,53,1,0
BRDA:277,54,0,0
BRDA:277,54,1,0
BRDA:277,55,0,0
BRDA:277,55,1,0
BRDA:278,56,0,0
BRDA:278,56,1,0
BRDA:286,57,0,0
BRDA:286,57,1,0
BRDA:286,58,0,0
BRDA:286,58,1,0
BRDA:289,59,0,0
BRDA:289,59,1,0
BRDA:290,60,0,0
BRDA:290,60,1,0
BRDA:292,61,0,0
BRDA:292,61,1,0
BRDA:293,62,0,0
BRDA:293,62,1,0
BRDA:300,63,0,0
BRDA:300,63,1,0
BRF:134
BRH:0
end_of_record
TN:
SF:src/js/html5.js
FN:13,(anonymous_0)
FN:21,(anonymous_1)
FN:33,(anonymous_2)
FN:42,(anonymous_3)
FN:46,(anonymous_4)
FN:63,(anonymous_5)
FN:66,(anonymous_6)
FN:71,(anonymous_7)
FN:84,(anonymous_8)
FN:100,(anonymous_9)
FN:125,(anonymous_10)
FNF:11
FNH:0
FNDA:0,(anonymous_0)
FNDA:0,(anonymous_1)
FNDA:0,(anonymous_2)
FNDA:0,(anonymous_3)
FNDA:0,(anonymous_4)
FNDA:0,(anonymous_5)
FNDA:0,(anonymous_6)
FNDA:0,(anonymous_7)
FNDA:0,(anonymous_8)
FNDA:0,(anonymous_9)
FNDA:0,(anonymous_10)
DA:12,0
DA:14,0
DA:15,0
DA:18,0
DA:21,0
DA:22,0
DA:24,0
DA:25,0
DA:28,0
DA:35,0
DA:36,0
DA:40,0
DA:42,0
DA:47,0
DA:48,0
DA:51,0
DA:54,0
DA:57,0
DA:58,0
DA:62,0
DA:65,0
DA:66,0
DA:69,0
DA:72,0
DA:73,0
DA:77,0
DA:78,0
DA:82,0
DA:84,0
DA:87,0
DA:88,0
DA:92,0
DA:95,0
DA:98,0
DA:100,0
DA:101,0
DA:102,0
DA:105,0
DA:106,0
DA:111,0
DA:116,0
DA:126,0
DA:127,0
DA:131,0
DA:136,0
DA:141,0
DA:144,0
LF:47
LH:0
BRDA:14,0,0,0
BRDA:14,0,1,0
BRDA:24,1,0,0
BRDA:24,1,1,0
BRDA:35,2,0,0
BRDA:35,2,1,0
BRDA:47,3,0,0
BRDA:47,3,1,0
BRDA:57,4,0,0
BRDA:57,4,1,0
BRDA:69,5,0,0
BRDA:69,5,1,0
BRDA:72,6,0,0
BRDA:72,6,1,0
BRDA:77,7,0,0
BRDA:77,7,1,0
BRDA:77,8,0,0
BRDA:77,8,1,0
BRDA:87,9,0,0
BRDA:87,9,1,0
BRDA:98,10,0,0
BRDA:98,10,1,0
BRDA:98,11,0,0
BRDA:98,11,1,0
BRDA:105,12,0,0
BRDA:105,12,1,0
BRDA:126,13,0,0
BRDA:126,13,1,0
BRF:28
BRH:0
end_of_record
TN:
SF:src/js/listeners.js
FN:16,(anonymous_0)
FN:28,(anonymous_1)
FN:47,(anonymous_2)
FN:182,(anonymous_3)
FN:187,(anonymous_4)
FN:198,(anonymous_5)
FN:214,(anonymous_6)
FN:228,(anonymous_7)
FN:251,(anonymous_8)
FN:256,(anonymous_9)
FN:294,(anonymous_10)
FN:299,(anonymous_11)
FN:322,(anonymous_12)
FN:327,(anonymous_13)
FN:330,(anonymous_14)
FN:334,(anonymous_15)
FN:346,(anonymous_16)
FN:350,(anonymous_17)
FN:353,(anonymous_18)
FN:357,(anonymous_19)
FN:370,(anonymous_20)
FN:387,(anonymous_21)
FN:396,(anonymous_22)
FN:411,(anonymous_23)
FN:419,(anonymous_24)
FN:428,(anonymous_25)
FN:437,(anonymous_26)
FN:443,(anonymous_27)
FN:451,(anonymous_28)
FN:464,(anonymous_29)
FN:482,(anonymous_30)
FN:491,(anonymous_31)
FN:497,(anonymous_32)
FN:505,(anonymous_33)
FN:509,(anonymous_34)
FN:524,(anonymous_35)
FN:536,(anonymous_36)
FN:548,(anonymous_37)
FN:555,(anonymous_38)
FN:561,(anonymous_39)
FN:571,(anonymous_40)
FN:581,(anonymous_41)
FN:594,(anonymous_42)
FN:611,(anonymous_43)
FN:636,(anonymous_44)
FN:643,(anonymous_45)
FN:651,(anonymous_46)
FN:683,(anonymous_47)
FN:683,(anonymous_48)
FN:690,(anonymous_49)
FN:707,(anonymous_50)
FN:712,(anonymous_51)
FN:721,(anonymous_52)
FN:730,(anonymous_53)
FN:738,(anonymous_54)
FN:748,(anonymous_55)
FN:749,(anonymous_56)
FN:756,(anonymous_57)
FN:772,(anonymous_58)
FN:779,(anonymous_59)
FN:786,(anonymous_60)
FN:787,(anonymous_61)
FN:788,(anonymous_62)
FN:797,(anonymous_63)
FN:802,(anonymous_64)
FN:812,(anonymous_65)
FN:823,(anonymous_66)
FN:830,(anonymous_67)
FN:835,(anonymous_68)
FNF:69
FNH:0
FNDA:0,(anonymous_0)
FNDA:0,(anonymous_1)
FNDA:0,(anonymous_2)
FNDA:0,(anonymous_3)
FNDA:0,(anonymous_4)
FNDA:0,(anonymous_5)
FNDA:0,(anonymous_6)
FNDA:0,(anonymous_7)
FNDA:0,(anonymous_8)
FNDA:0,(anonymous_9)
FNDA:0,(anonymous_10)
FNDA:0,(anonymous_11)
FNDA:0,(anonymous_12)
FNDA:0,(anonymous_13)
FNDA:0,(anonymous_14)
FNDA:0,(anonymous_15)
FNDA:0,(anonymous_16)
FNDA:0,(anonymous_17)
FNDA:0,(anonymous_18)
FNDA:0,(anonymous_19)
FNDA:0,(anonymous_20)
FNDA:0,(anonymous_21)
FNDA:0,(anonymous_22)
FNDA:0,(anonymous_23)
FNDA:0,(anonymous_24)
FNDA:0,(anonymous_25)
FNDA:0,(anonymous_26)
FNDA:0,(anonymous_27)
FNDA:0,(anonymous_28)
FNDA:0,(anonymous_29)
FNDA:0,(anonymous_30)
FNDA:0,(anonymous_31)
FNDA:0,(anonymous_32)
FNDA:0,(anonymous_33)
FNDA:0,(anonymous_34)
FNDA:0,(anonymous_35)
FNDA:0,(anonymous_36)
FNDA:0,(anonymous_37)
FNDA:0,(anonymous_38)
FNDA:0,(anonymous_39)
FNDA:0,(anonymous_40)
FNDA:0,(anonymous_41)
FNDA:0,(anonymous_42)
FNDA:0,(anonymous_43)
FNDA:0,(anonymous_44)
FNDA:0,(anonymous_45)
FNDA:0,(anonymous_46)
FNDA:0,(anonymous_47)
FNDA:0,(anonymous_48)
FNDA:0,(anonymous_49)
FNDA:0,(anonymous_50)
FNDA:0,(anonymous_51)
FNDA:0,(anonymous_52)
FNDA:0,(anonymous_53)
FNDA:0,(anonymous_54)
FNDA:0,(anonymous_55)
FNDA:0,(anonymous_56)
FNDA:0,(anonymous_57)
FNDA:0,(anonymous_58)
FNDA:0,(anonymous_59)
FNDA:0,(anonymous_60)
FNDA:0,(anonymous_61)
FNDA:0,(anonymous_62)
FNDA:0,(anonymous_63)
FNDA:0,(anonymous_64)
FNDA:0,(anonymous_65)
FNDA:0,(anonymous_66)
FNDA:0,(anonymous_67)
FNDA:0,(anonymous_68)
DA:17,0
DA:18,0
DA:19,0
DA:20,0
DA:22,0
DA:23,0
DA:24,0
DA:29,0
DA:30,0
DA:31,0
DA:32,0
DA:33,0
DA:36,0
DA:37,0
DA:42,0
DA:43,0
DA:47,0
DA:49,0
DA:54,0
DA:58,0
DA:59,0
DA:60,0
DA:61,0
DA:63,0
DA:64,0
DA:67,0
DA:68,0
DA:73,0
DA:99,0
DA:100,0
DA:101,0
DA:104,0
DA:115,0
DA:116,0
DA:118,0
DA:122,0
DA:123,0
DA:125,0
DA:128,0
DA:129,0
DA:132,0
DA:133,0
DA:136,0
DA:137,0
DA:139,0
DA:142,0
DA:143,0
DA:146,0
DA:147,0
DA:150,0
DA:151,0
DA:154,0
DA:155,0
DA:157,0
DA:160,0
DA:161,0
DA:164,0
DA:169,0
DA:170,0
DA:174,0
DA:177,0
DA:183,0
DA:187,0
DA:188,0
DA:189,0
DA:191,0
DA:194,0
DA:198,0
DA:199,0
DA:202,0
DA:203,0
DA:207,0
DA:210,0
DA:214,0
DA:215,0
DA:216,0
DA:219,0
DA:220,0
DA:224,0
DA:229,0
DA:232,0
DA:233,0
DA:234,0
DA:238,0
DA:239,0
DA:241,0
DA:242,0
DA:244,0
DA:248,0
DA:251,0
DA:256,0
DA:257,0
DA:258,0
DA:261,0
DA:262,0
DA:263,0
DA:264,0
DA:267,0
DA:268,0
DA:269,0
DA:270,0
DA:273,0
DA:274,0
DA:276,0
DA:280,0
DA:281,0
DA:283,0
DA:284,0
DA:285,0
DA:288,0
DA:289,0
DA:294,0
DA:295,0
DA:296,0
DA:299,0
DA:300,0
DA:303,0
DA:304,0
DA:308,0
DA:309,0
DA:313,0
DA:316,0
DA:317,0
DA:322,0
DA:323,0
DA:324,0
DA:327,0
DA:330,0
DA:331,0
DA:334,0
DA:336,0
DA:338,0
DA:341,0
DA:346,0
DA:347,0
DA:350,0
DA:353,0
DA:354,0
DA:357,0
DA:360,0
DA:362,0
DA:365,0
DA:366,0
DA:370,0
DA:371,0
DA:374,0
DA:375,0
DA:379,0
DA:380,0
DA:383,0
DA:384,0
DA:385,0
DA:388,0
DA:394,0
DA:397,0
DA:406,0
DA:407,0
DA:412,0
DA:419,0
DA:421,0
DA:428,0
DA:430,0
DA:433,0
DA:437,0
DA:439,0
DA:443,0
DA:444,0
DA:449,0
DA:451,0
DA:452,0
DA:455,0
DA:456,0
DA:459,0
DA:464,0
DA:465,0
DA:466,0
DA:467,0
DA:468,0
DA:471,0
DA:472,0
DA:476,0
DA:477,0
DA:482,0
DA:483,0
DA:484,0
DA:485,0
DA:487,0
DA:491,0
DA:497,0
DA:498,0
DA:499,0
DA:501,0
DA:504,0
DA:505,0
DA:506,0
DA:510,0
DA:518,0
DA:521,0
DA:526,0
DA:527,0
DA:533,0
DA:538,0
DA:539,0
DA:545,0
DA:549,0
DA:555,0
DA:558,0
DA:562,0
DA:568,0
DA:572,0
DA:578,0
DA:582,0
DA:588,0
DA:591,0
DA:596,0
DA:597,0
DA:599,0
DA:608,0
DA:612,0
DA:613,0
DA:617,0
DA:618,0
DA:619,0
DA:623,0
DA:626,0
DA:629,0
DA:636,0
DA:637,0
DA:638,0
DA:643,0
DA:644,0
DA:645,0
DA:646,0
DA:647,0
DA:651,0
DA:652,0
DA:653,0
DA:655,0
DA:656,0
DA:660,0
DA:663,0
DA:665,0
DA:668,0
DA:669,0
DA:670,0
DA:672,0
DA:673,0
DA:674,0
DA:681,0
DA:682,0
DA:683,0
DA:687,0
DA:691,0
DA:693,0
DA:695,0
DA:696,0
DA:699,0
DA:701,0
DA:707,0
DA:708,0
DA:712,0
DA:713,0
DA:715,0
DA:716,0
DA:721,0
DA:722,0
DA:724,0
DA:725,0
DA:730,0
DA:731,0
DA:733,0
DA:734,0
DA:738,0
DA:739,0
DA:741,0
DA:742,0
DA:747,0
DA:748,0
DA:749,0
DA:755,0
DA:756,0
DA:758,0
DA:759,0
DA:762,0
DA:764,0
DA:769,0
DA:773,0
DA:779,0
DA:780,0
DA:784,0
DA:785,0
DA:786,0
DA:788,0
DA:789,0
DA:790,0
DA:797,0
DA:798,0
DA:802,0
DA:803,0
DA:806,0
DA:809,0
DA:812,0
DA:813,0
DA:817,0
DA:820,0
DA:823,0
DA:827,0
DA:833,0
DA:835,0
DA:837,0
DA:840,0
DA:843,0
DA:844,0
DA:845,0
LF:314
LH:0
BRDA:33,0,0,0
BRDA:33,0,1,0
BRDA:36,1,0,0
BRDA:36,1,1,0
BRDA:36,2,0,0
BRDA:36,2,1,0
BRDA:36,2,2,0
BRDA:36,2,3,0
BRDA:42,3,0,0
BRDA:42,3,1,0
BRDA:54,4,0,0
BRDA:54,4,1,0
BRDA:59,5,0,0
BRDA:59,5,1,0
BRDA:63,6,0,0
BRDA:63,6,1,0
BRDA:63,7,0,0
BRDA:63,7,1,0
BRDA:67,8,0,0
BRDA:67,8,1,0
BRDA:67,9,0,0
BRDA:67,9,1,0
BRDA:99,10,0,0
BRDA:99,10,1,0
BRDA:104,11,0,0
BRDA:104,11,1,0
BRDA:104,11,2,0
BRDA:104,11,3,0
BRDA:104,11,4,0
BRDA:104,11,5,0
BRDA:104,11,6,0
BRDA:104,11,7,0
BRDA:104,11,8,0
BRDA:104,11,9,0
BRDA:104,11,10,0
BRDA:104,11,11,0
BRDA:104,11,12,0
BRDA:104,11,13,0
BRDA:104,11,14,0
BRDA:104,11,15,0
BRDA:104,11,16,0
BRDA:104,11,17,0
BRDA:104,11,18,0
BRDA:104,11,19,0
BRDA:104,11,20,0
BRDA:115,12,0,0
BRDA:115,12,1,0
BRDA:122,13,0,0
BRDA:122,13,1,0
BRDA:136,14,0,0
BRDA:136,14,1,0
BRDA:154,15,0,0
BRDA:154,15,1,0
BRDA:169,16,0,0
BRDA:169,16,1,0
BRDA:169,17,0,0
BRDA:169,17,1,0
BRDA:169,17,2,0
BRDA:198,18,0,0
BRDA:202,19,0,0
BRDA:202,19,1,0
BRDA:219,20,0,0
BRDA:219,20,1,0
BRDA:219,21,0,0
BRDA:219,21,1,0
BRDA:232,22,0,0
BRDA:232,22,1,0
BRDA:232,23,0,0
BRDA:232,23,1,0
BRDA:241,24,0,0
BRDA:241,24,1,0
BRDA:244,25,0,0
BRDA:244,25,1,0
BRDA:257,26,0,0
BRDA:257,26,1,0
BRDA:257,27,0,0
BRDA:257,27,1,0
BRDA:267,28,0,0
BRDA:267,28,1,0
BRDA:268,29,0,0
BRDA:268,29,1,0
BRDA:283,30,0,0
BRDA:283,30,1,0
BRDA:284,31,0,0
BRDA:284,31,1,0
BRDA:285,32,0,0
BRDA:285,32,1,0
BRDA:288,33,0,0
BRDA:288,33,1,0
BRDA:289,34,0,0
BRDA:289,34,1,0
BRDA:303,35,0,0
BRDA:303,35,1,0
BRDA:308,36,0,0
BRDA:308,36,1,0
BRDA:308,37,0,0
BRDA:308,37,1,0
BRDA:316,38,0,0
BRDA:316,38,1,0
BRDA:336,39,0,0
BRDA:336,39,1,0
BRDA:336,40,0,0
BRDA:336,40,1,0
BRDA:336,40,2,0
BRDA:360,41,0,0
BRDA:360,41,1,0
BRDA:360,42,0,0
BRDA:360,42,1,0
BRDA:360,42,2,0
BRDA:365,43,0,0
BRDA:365,43,1,0
BRDA:374,44,0,0
BRDA:374,44,1,0
BRDA:374,45,0,0
BRDA:374,45,1,0
BRDA:379,46,0,0
BRDA:379,46,1,0
BRDA:379,47,0,0
BRDA:379,47,1,0
BRDA:383,48,0,0
BRDA:383,48,1,0
BRDA:406,49,0,0
BRDA:406,49,1,0
BRDA:406,50,0,0
BRDA:406,50,1,0
BRDA:452,51,0,0
BRDA:455,52,0,0
BRDA:455,52,1,0
BRDA:471,53,0,0
BRDA:471,53,1,0
BRDA:476,54,0,0
BRDA:476,54,1,0
BRDA:476,55,0,0
BRDA:476,55,1,0
BRDA:482,56,0,0
BRDA:492,57,0,0
BRDA:492,57,1,0
BRDA:501,58,0,0
BRDA:501,58,1,0
BRDA:504,59,0,0
BRDA:504,59,1,0
BRDA:612,60,0,0
BRDA:612,60,1,0
BRDA:617,61,0,0
BRDA:617,61,1,0
BRDA:637,62,0,0
BRDA:637,62,1,0
BRDA:655,63,0,0
BRDA:655,63,1,0
BRDA:655,64,0,0
BRDA:655,64,1,0
BRDA:668,65,0,0
BRDA:668,65,1,0
BRDA:668,66,0,0
BRDA:668,66,1,0
BRDA:672,67,0,0
BRDA:672,67,1,0
BRDA:672,68,0,0
BRDA:672,68,1,0
BRDA:681,69,0,0
BRDA:681,69,1,0
BRDA:695,70,0,0
BRDA:695,70,1,0
BRDA:715,71,0,0
BRDA:715,71,1,0
BRDA:715,72,0,0
BRDA:715,72,1,0
BRDA:724,73,0,0
BRDA:724,73,1,0
BRDA:724,74,0,0
BRDA:724,74,1,0
BRDA:733,75,0,0
BRDA:733,75,1,0
BRDA:733,76,0,0
BRDA:733,76,1,0
BRDA:741,77,0,0
BRDA:741,77,1,0
BRDA:741,78,0,0
BRDA:741,78,1,0
BRDA:747,79,0,0
BRDA:747,79,1,0
BRDA:755,80,0,0
BRDA:755,80,1,0
BRDA:755,81,0,0
BRDA:755,81,1,0
BRDA:758,82,0,0
BRDA:758,82,1,0
BRDA:780,83,0,0
BRDA:780,83,1,0
BRDA:784,84,0,0
BRDA:784,84,1,0
BRDA:789,85,0,0
BRDA:789,85,1,0
BRDA:790,86,0,0
BRDA:790,86,1,0
BRDA:817,87,0,0
BRDA:817,87,1,0
BRDA:835,88,0,0
BRDA:835,88,1,0
BRDA:837,89,0,0
BRDA:837,89,1,0
BRDA:844,90,0,0
BRDA:844,90,1,0
BRDA:844,91,0,0
BRDA:844,91,1,0
BRDA:844,91,2,0
BRDA:844,91,3,0
BRF:207
BRH:0
end_of_record
TN:
SF:src/js/media.js
FN:12,(anonymous_0)
FNF:1
FNH:0
FNDA:0,(anonymous_0)
DA:10,0
DA:14,0
DA:15,0
DA:16,0
DA:20,0
DA:23,0
DA:27,0
DA:28,0
DA:32,0
DA:34,0
DA:39,0
DA:42,0
DA:46,0
DA:49,0
DA:50,0
DA:52,0
DA:53,0
DA:55,0
DA:56,0
LF:19
LH:0
BRDA:14,0,0,0
BRDA:14,0,1,0
BRDA:27,1,0,0
BRDA:27,1,1,0
BRDA:32,2,0,0
BRDA:32,2,1,0
BRDA:49,3,0,0
BRDA:49,3,1,0
BRDA:52,4,0,0
BRDA:52,4,1,0
BRDA:55,5,0,0
BRDA:55,5,1,0
BRF:12
BRH:0
end_of_record
TN:
SF:src/js/plyr.js
FN:41,(anonymous_0)
FN:71,(anonymous_1)
FN:287,(anonymous_2)
FN:314,(anonymous_3)
FN:333,(anonymous_4)
FN:337,(anonymous_5)
FN:341,(anonymous_6)
FN:345,(anonymous_7)
FN:349,(anonymous_8)
FN:353,(anonymous_9)
FN:360,(anonymous_10)
FN:367,(anonymous_11)
FN:367,(anonymous_12)
FN:377,(anonymous_13)
FN:388,(anonymous_14)
FN:395,(anonymous_15)
FN:402,(anonymous_16)
FN:409,(anonymous_17)
FN:417,(anonymous_18)
FN:431,(anonymous_19)
FN:444,(anonymous_20)
FN:452,(anonymous_21)
FN:460,(anonymous_22)
FN:468,(anonymous_23)
FN:487,(anonymous_24)
FN:494,(anonymous_25)
FN:515,(anonymous_26)
FN:522,(anonymous_27)
FN:537,(anonymous_28)
FN:580,(anonymous_29)
FN:588,(anonymous_30)
FN:597,(anonymous_31)
FN:605,(anonymous_32)
FN:628,(anonymous_33)
FN:635,(anonymous_34)
FN:657,(anonymous_35)
FN:680,(anonymous_36)
FN:690,(anonymous_37)
FN:697,(anonymous_38)
FN:715,(anonymous_39)
FN:735,(anonymous_40)
FN:776,(anonymous_41)
FN:785,(anonymous_42)
FN:837,(anonymous_43)
FN:845,(anonymous_44)
FN:852,(anonymous_45)
FN:859,(anonymous_46)
FN:868,(anonymous_47)
FN:882,(anonymous_48)
FN:888,(anonymous_49)
FN:894,(anonymous_50)
FN:905,(anonymous_51)
FN:918,(anonymous_52)
FN:938,(anonymous_53)
FN:945,(anonymous_54)
FN:953,(anonymous_55)
FN:961,(anonymous_56)
FN:969,(anonymous_57)
FN:979,(anonymous_58)
FN:986,(anonymous_59)
FN:995,(anonymous_60)
FN:1024,(anonymous_61)
FN:1041,(anonymous_62)
FN:1059,(anonymous_63)
FN:1070,(anonymous_64)
FN:1107,(anonymous_65)
FN:1116,(anonymous_66)
FN:1125,(anonymous_67)
FN:1136,(anonymous_68)
FN:1141,(anonymous_69)
FN:1191,(anonymous_70)
FN:1243,(anonymous_71)
FN:1250,(anonymous_72)
FN:1259,(anonymous_73)
FN:1268,(anonymous_74)
FN:1285,(anonymous_75)
FNF:76
FNH:0
FNDA:0,(anonymous_0)
FNDA:0,(anonymous_1)
FNDA:0,(anonymous_2)
FNDA:0,(anonymous_3)
FNDA:0,(anonymous_4)
FNDA:0,(anonymous_5)
FNDA:0,(anonymous_6)
FNDA:0,(anonymous_7)
FNDA:0,(anonymous_8)
FNDA:0,(anonymous_9)
FNDA:0,(anonymous_10)
FNDA:0,(anonymous_11)
FNDA:0,(anonymous_12)
FNDA:0,(anonymous_13)
FNDA:0,(anonymous_14)
FNDA:0,(anonymous_15)
FNDA:0,(anonymous_16)
FNDA:0,(anonymous_17)
FNDA:0,(anonymous_18)
FNDA:0,(anonymous_19)
FNDA:0,(anonymous_20)
FNDA:0,(anonymous_21)
FNDA:0,(anonymous_22)
FNDA:0,(anonymous_23)
FNDA:0,(anonymous_24)
FNDA:0,(anonymous_25)
FNDA:0,(anonymous_26)
FNDA:0,(anonymous_27)
FNDA:0,(anonymous_28)
FNDA:0,(anonymous_29)
FNDA:0,(anonymous_30)
FNDA:0,(anonymous_31)
FNDA:0,(anonymous_32)
FNDA:0,(anonymous_33)
FNDA:0,(anonymous_34)
FNDA:0,(anonymous_35)
FNDA:0,(anonymous_36)
FNDA:0,(anonymous_37)
FNDA:0,(anonymous_38)
FNDA:0,(anonymous_39)
FNDA:0,(anonymous_40)
FNDA:0,(anonymous_41)
FNDA:0,(anonymous_42)
FNDA:0,(anonymous_43)
FNDA:0,(anonymous_44)
FNDA:0,(anonymous_45)
FNDA:0,(anonymous_46)
FNDA:0,(anonymous_47)
FNDA:0,(anonymous_48)
FNDA:0,(anonymous_49)
FNDA:0,(anonymous_50)
FNDA:0,(anonymous_51)
FNDA:0,(anonymous_52)
FNDA:0,(anonymous_53)
FNDA:0,(anonymous_54)
FNDA:0,(anonymous_55)
FNDA:0,(anonymous_56)
FNDA:0,(anonymous_57)
FNDA:0,(anonymous_58)
FNDA:0,(anonymous_59)
FNDA:0,(anonymous_60)
FNDA:0,(anonymous_61)
FNDA:0,(anonymous_62)
FNDA:0,(anonymous_63)
FNDA:0,(anonymous_64)
FNDA:0,(anonymous_65)
FNDA:0,(anonymous_66)
FNDA:0,(anonymous_67)
FNDA:0,(anonymous_68)
FNDA:0,(anonymous_69)
FNDA:0,(anonymous_70)
FNDA:0,(anonymous_71)
FNDA:0,(anonymous_72)
FNDA:0,(anonymous_73)
FNDA:0,(anonymous_74)
FNDA:0,(anonymous_75)
DA:42,0
DA:45,0
DA:46,0
DA:47,0
DA:50,0
DA:53,0
DA:56,0
DA:57,0
DA:61,0
DA:62,0
DA:66,0
DA:72,0
DA:73,0
DA:76,0
DA:82,0
DA:99,0
DA:106,0
DA:111,0
DA:118,0
DA:121,0
DA:122,0
DA:125,0
DA:126,0
DA:127,0
DA:131,0
DA:132,0
DA:133,0
DA:137,0
DA:138,0
DA:139,0
DA:144,0
DA:145,0
DA:146,0
DA:150,0
DA:151,0
DA:152,0
DA:156,0
DA:158,0
DA:159,0
DA:162,0
DA:165,0
DA:168,0
DA:170,0
DA:171,0
DA:174,0
DA:175,0
DA:178,0
DA:181,0
DA:182,0
DA:184,0
DA:185,0
DA:187,0
DA:188,0
DA:193,0
DA:194,0
DA:195,0
DA:198,0
DA:204,0
DA:207,0
DA:211,0
DA:212,0
DA:213,0
DA:217,0
DA:219,0
DA:223,0
DA:224,0
DA:227,0
DA:228,0
DA:230,0
DA:231,0
DA:233,0
DA:234,0
DA:236,0
DA:237,0
DA:239,0
DA:240,0
DA:243,0
DA:246,0
DA:247,0
DA:251,0
DA:254,0
DA:255,0
DA:256,0
DA:259,0
DA:262,0
DA:265,0
DA:268,0
DA:271,0
DA:272,0
DA:273,0
DA:277,0
DA:280,0
DA:283,0
DA:286,0
DA:287,0
DA:288,0
DA:293,0
DA:297,0
DA:298,0
DA:302,0
DA:305,0
DA:308,0
DA:309,0
DA:313,0
DA:314,0
DA:318,0
DA:321,0
DA:322,0
DA:334,0
DA:338,0
DA:342,0
DA:346,0
DA:350,0
DA:354,0
DA:360,0
DA:361,0
DA:362,0
DA:366,0
DA:367,0
DA:371,0
DA:377,0
DA:378,0
DA:379,0
DA:382,0
DA:389,0
DA:396,0
DA:403,0
DA:410,0
DA:417,0
DA:419,0
DA:421,0
DA:422,0
DA:425,0
DA:431,0
DA:432,0
DA:433,0
DA:434,0
DA:436,0
DA:437,0
DA:444,0
DA:445,0
DA:452,0
DA:453,0
DA:460,0
DA:461,0
DA:470,0
DA:471,0
DA:475,0
DA:478,0
DA:481,0
DA:488,0
DA:495,0
DA:498,0
DA:499,0
DA:505,0
DA:506,0
DA:509,0
DA:516,0
DA:524,0
DA:526,0
DA:527,0
DA:530,0
DA:538,0
DA:539,0
DA:540,0
DA:542,0
DA:543,0
DA:547,0
DA:548,0
DA:552,0
DA:553,0
DA:557,0
DA:558,0
DA:561,0
DA:562,0
DA:566,0
DA:569,0
DA:572,0
DA:573,0
DA:581,0
DA:588,0
DA:589,0
DA:590,0
DA:597,0
DA:598,0
DA:606,0
DA:609,0
DA:610,0
DA:614,0
DA:615,0
DA:619,0
DA:622,0
DA:629,0
DA:637,0
DA:638,0
DA:641,0
DA:642,0
DA:646,0
DA:658,0
DA:660,0
DA:661,0
DA:664,0
DA:665,0
DA:668,0
DA:669,0
DA:673,0
DA:674,0
DA:677,0
DA:680,0
DA:681,0
DA:682,0
DA:691,0
DA:698,0
DA:700,0
DA:703,0
DA:705,0
DA:709,0
DA:716,0
DA:718,0
DA:721,0
DA:723,0
DA:727,0
DA:736,0
DA:737,0
DA:739,0
DA:740,0
DA:743,0
DA:750,0
DA:752,0
DA:753,0
DA:754,0
DA:755,0
DA:758,0
DA:762,0
DA:765,0
DA:768,0
DA:769,0
DA:777,0
DA:786,0
DA:787,0
DA:788,0
DA:838,0
DA:846,0
DA:853,0
DA:860,0
DA:862,0
DA:869,0
DA:870,0
DA:873,0
DA:875,0
DA:883,0
DA:884,0
DA:885,0
DA:888,0
DA:895,0
DA:896,0
DA:899,0
DA:906,0
DA:907,0
DA:910,0
DA:912,0
DA:919,0
DA:920,0
DA:921,0
DA:924,0
DA:925,0
DA:926,0
DA:929,0
DA:931,0
DA:939,0
DA:946,0
DA:954,0
DA:962,0
DA:963,0
DA:970,0
DA:971,0
DA:980,0
DA:987,0
DA:997,0
DA:998,0
DA:1002,0
DA:1006,0
DA:1007,0
DA:1011,0
DA:1012,0
DA:1013,0
DA:1015,0
DA:1016,0
DA:1025,0
DA:1026,0
DA:1030,0
DA:1031,0
DA:1035,0
DA:1042,0
DA:1043,0
DA:1044,0
DA:1047,0
DA:1050,0
DA:1051,0
DA:1059,0
DA:1061,0
DA:1062,0
DA:1070,0
DA:1072,0
DA:1074,0
DA:1076,0
DA:1078,0
DA:1081,0
DA:1087,0
DA:1091,0
DA:1092,0
DA:1093,0
DA:1096,0
DA:1099,0
DA:1107,0
DA:1108,0
DA:1116,0
DA:1117,0
DA:1125,0
DA:1126,0
DA:1136,0
DA:1137,0
DA:1138,0
DA:1141,0
DA:1143,0
DA:1146,0
DA:1149,0
DA:1150,0
DA:1152,0
DA:1153,0
DA:1154,0
DA:1155,0
DA:1158,0
DA:1159,0
DA:1160,0
DA:1161,0
DA:1165,0
DA:1166,0
DA:1171,0
DA:1174,0
DA:1177,0
DA:1180,0
DA:1183,0
DA:1184,0
DA:1188,0
DA:1191,0
DA:1192,0
DA:1193,0
DA:1199,0
DA:1202,0
DA:1203,0
DA:1204,0
DA:1207,0
DA:1209,0
DA:1212,0
DA:1214,0
DA:1216,0
DA:1217,0
DA:1220,0
DA:1221,0
DA:1225,0
DA:1227,0
DA:1230,0
DA:1231,0
DA:1235,0
DA:1243,0
DA:1251,0
DA:1260,0
DA:1269,0
DA:1271,0
DA:1272,0
DA:1274,0
DA:1275,0
DA:1277,0
DA:1278,0
DA:1281,0
DA:1282,0
DA:1285,0
DA:1289,0
LF:379
LH:0
BRDA:56,0,0,0
BRDA:56,0,1,0
BRDA:61,1,0,0
BRDA:61,1,1,0
BRDA:61,2,0,0
BRDA:61,2,1,0
BRDA:61,2,2,0
BRDA:61,2,3,0
BRDA:70,3,0,0
BRDA:70,3,1,0
BRDA:125,4,0,0
BRDA:125,4,1,0
BRDA:125,5,0,0
BRDA:125,5,1,0
BRDA:131,6,0,0
BRDA:131,6,1,0
BRDA:137,7,0,0
BRDA:137,7,1,0
BRDA:144,8,0,0
BRDA:144,8,1,0
BRDA:162,9,0,0
BRDA:162,9,1,0
BRDA:162,9,2,0
BRDA:162,9,3,0
BRDA:168,10,0,0
BRDA:168,10,1,0
BRDA:181,11,0,0
BRDA:181,11,1,0
BRDA:184,12,0,0
BRDA:184,12,1,0
BRDA:187,13,0,0
BRDA:187,13,1,0
BRDA:193,14,0,0
BRDA:193,14,1,0
BRDA:211,15,0,0
BRDA:211,15,1,0
BRDA:211,16,0,0
BRDA:211,16,1,0
BRDA:227,17,0,0
BRDA:227,17,1,0
BRDA:230,18,0,0
BRDA:230,18,1,0
BRDA:233,19,0,0
BRDA:233,19,1,0
BRDA:233,20,0,0
BRDA:233,20,1,0
BRDA:236,21,0,0
BRDA:236,21,1,0
BRDA:239,22,0,0
BRDA:239,22,1,0
BRDA:254,23,0,0
BRDA:254,23,1,0
BRDA:271,24,0,0
BRDA:271,24,1,0
BRDA:286,25,0,0
BRDA:286,25,1,0
BRDA:297,26,0,0
BRDA:297,26,1,0
BRDA:297,27,0,0
BRDA:297,27,1,0
BRDA:297,27,2,0
BRDA:308,28,0,0
BRDA:308,28,1,0
BRDA:313,29,0,0
BRDA:313,29,1,0
BRDA:313,30,0,0
BRDA:313,30,1,0
BRDA:321,31,0,0
BRDA:321,31,1,0
BRDA:338,32,0,0
BRDA:338,32,1,0
BRDA:361,33,0,0
BRDA:361,33,1,0
BRDA:366,34,0,0
BRDA:366,34,1,0
BRDA:366,35,0,0
BRDA:366,35,1,0
BRDA:378,36,0,0
BRDA:378,36,1,0
BRDA:378,37,0,0
BRDA:378,37,1,0
BRDA:389,38,0,0
BRDA:389,38,1,0
BRDA:389,38,2,0
BRDA:403,39,0,0
BRDA:403,39,1,0
BRDA:419,40,0,0
BRDA:419,40,1,0
BRDA:421,41,0,0
BRDA:421,41,1,0
BRDA:432,42,0,0
BRDA:432,42,1,0
BRDA:436,43,0,0
BRDA:436,43,1,0
BRDA:453,44,0,0
BRDA:453,44,1,0
BRDA:461,45,0,0
BRDA:461,45,1,0
BRDA:470,46,0,0
BRDA:470,46,1,0
BRDA:475,47,0,0
BRDA:475,47,1,0
BRDA:478,48,0,0
BRDA:478,48,1,0
BRDA:498,49,0,0
BRDA:498,49,1,0
BRDA:505,50,0,0
BRDA:505,50,1,0
BRDA:505,51,0,0
BRDA:505,51,1,0
BRDA:505,51,2,0
BRDA:526,52,0,0
BRDA:526,52,1,0
BRDA:527,53,0,0
BRDA:527,53,1,0
BRDA:527,54,0,0
BRDA:527,54,1,0
BRDA:530,55,0,0
BRDA:530,55,1,0
BRDA:542,56,0,0
BRDA:542,56,1,0
BRDA:547,57,0,0
BRDA:547,57,1,0
BRDA:552,58,0,0
BRDA:552,58,1,0
BRDA:557,59,0,0
BRDA:557,59,1,0
BRDA:561,60,0,0
BRDA:561,60,1,0
BRDA:572,61,0,0
BRDA:572,61,1,0
BRDA:572,62,0,0
BRDA:572,62,1,0
BRDA:572,62,2,0
BRDA:589,63,0,0
BRDA:589,63,1,0
BRDA:590,64,0,0
BRDA:590,64,1,0
BRDA:609,65,0,0
BRDA:609,65,1,0
BRDA:614,66,0,0
BRDA:614,66,1,0
BRDA:637,67,0,0
BRDA:637,67,1,0
BRDA:641,68,0,0
BRDA:641,68,1,0
BRDA:647,69,0,0
BRDA:647,69,1,0
BRDA:647,69,2,0
BRDA:649,70,0,0
BRDA:649,70,1,0
BRDA:660,71,0,0
BRDA:660,71,1,0
BRDA:664,72,0,0
BRDA:664,72,1,0
BRDA:668,73,0,0
BRDA:668,73,1,0
BRDA:681,74,0,0
BRDA:681,74,1,0
BRDA:698,75,0,0
BRDA:698,75,1,0
BRDA:703,76,0,0
BRDA:703,76,1,0
BRDA:716,77,0,0
BRDA:716,77,1,0
BRDA:721,78,0,0
BRDA:721,78,1,0
BRDA:739,79,0,0
BRDA:739,79,1,0
BRDA:744,80,0,0
BRDA:744,80,1,0
BRDA:752,81,0,0
BRDA:752,81,1,0
BRDA:768,82,0,0
BRDA:768,82,1,0
BRDA:786,83,0,0
BRDA:786,83,1,0
BRDA:862,84,0,0
BRDA:862,84,1,0
BRDA:869,85,0,0
BRDA:869,85,1,0
BRDA:883,86,0,0
BRDA:883,86,1,0
BRDA:895,87,0,0
BRDA:895,87,1,0
BRDA:899,88,0,0
BRDA:899,88,1,0
BRDA:906,89,0,0
BRDA:906,89,1,0
BRDA:912,90,0,0
BRDA:912,90,1,0
BRDA:919,91,0,0
BRDA:919,91,1,0
BRDA:924,92,0,0
BRDA:924,92,1,0
BRDA:924,93,0,0
BRDA:924,93,1,0
BRDA:939,94,0,0
BRDA:939,94,1,0
BRDA:971,95,0,0
BRDA:971,95,1,0
BRDA:987,96,0,0
BRDA:987,96,1,0
BRDA:997,97,0,0
BRDA:997,97,1,0
BRDA:1002,98,0,0
BRDA:1002,98,1,0
BRDA:1006,99,0,0
BRDA:1006,99,1,0
BRDA:1007,100,0,0
BRDA:1007,100,1,0
BRDA:1011,101,0,0
BRDA:1011,101,1,0
BRDA:1012,102,0,0
BRDA:1012,102,1,0
BRDA:1012,103,0,0
BRDA:1012,103,1,0
BRDA:1015,104,0,0
BRDA:1015,104,1,0
BRDA:1015,105,0,0
BRDA:1015,105,1,0
BRDA:1025,106,0,0
BRDA:1025,106,1,0
BRDA:1030,107,0,0
BRDA:1030,107,1,0
BRDA:1042,108,0,0
BRDA:1042,108,1,0
BRDA:1042,109,0,0
BRDA:1042,109,1,0
BRDA:1050,110,0,0
BRDA:1050,110,1,0
BRDA:1061,111,0,0
BRDA:1061,111,1,0
BRDA:1072,112,0,0
BRDA:1072,112,1,0
BRDA:1072,113,0,0
BRDA:1072,113,1,0
BRDA:1076,114,0,0
BRDA:1076,114,1,0
BRDA:1081,115,0,0
BRDA:1081,115,1,0
BRDA:1082,116,0,0
BRDA:1082,116,1,0
BRDA:1082,116,2,0
BRDA:1082,116,3,0
BRDA:1091,117,0,0
BRDA:1091,117,1,0
BRDA:1092,118,0,0
BRDA:1092,118,1,0
BRDA:1136,119,0,0
BRDA:1137,120,0,0
BRDA:1137,120,1,0
BRDA:1149,121,0,0
BRDA:1149,121,1,0
BRDA:1150,122,0,0
BRDA:1150,122,1,0
BRDA:1165,123,0,0
BRDA:1165,123,1,0
BRDA:1183,124,0,0
BRDA:1183,124,1,0
BRDA:1207,125,0,0
BRDA:1207,125,1,0
BRDA:1214,126,0,0
BRDA:1214,126,1,0
BRDA:1220,127,0,0
BRDA:1220,127,1,0
BRDA:1220,128,0,0
BRDA:1220,128,1,0
BRDA:1227,129,0,0
BRDA:1227,129,1,0
BRDA:1230,130,0,0
BRDA:1230,130,1,0
BRDA:1268,131,0,0
BRDA:1271,132,0,0
BRDA:1271,132,1,0
BRDA:1274,133,0,0
BRDA:1274,133,1,0
BRDA:1277,134,0,0
BRDA:1277,134,1,0
BRDA:1281,135,0,0
BRDA:1281,135,1,0
BRF:281
BRH:0
end_of_record
TN:
SF:src/js/plyr.polyfilled.js
FNF:0
FNH:0
LF:0
LH:0
BRF:0
BRH:0
end_of_record
TN:
SF:src/js/source.js
FN:17,(anonymous_0)
FN:24,(anonymous_1)
FN:32,(anonymous_2)
FN:42,(anonymous_3)
FNF:4
FNH:0
FNDA:0,(anonymous_0)
FNDA:0,(anonymous_1)
FNDA:0,(anonymous_2)
FNDA:0,(anonymous_3)
DA:15,0
DA:18,0
DA:19,0
DA:23,0
DA:24,0
DA:25,0
DA:33,0
DA:34,0
DA:35,0
DA:39,0
DA:42,0
DA:44,0
DA:47,0
DA:48,0
DA:51,0
DA:52,0
DA:56,0
DA:57,0
DA:58,0
DA:59,0
DA:61,0
DA:71,0
DA:74,0
DA:75,0
DA:79,0
DA:80,0
DA:81,0
DA:83,0
DA:84,0
DA:86,0
DA:87,0
DA:89,0
DA:90,0
DA:92,0
DA:93,0
DA:95,0
DA:96,0
DA:101,0
DA:104,0
DA:105,0
DA:109,0
DA:112,0
DA:115,0
DA:117,0
DA:118,0
DA:123,0
DA:125,0
DA:129,0
DA:130,0
DA:134,0
DA:135,0
DA:138,0
DA:139,0
DA:140,0
DA:144,0
DA:145,0
DA:150,0
LF:57
LH:0
BRDA:18,0,0,0
BRDA:18,0,1,0
BRDA:23,1,0,0
BRDA:23,1,1,0
BRDA:33,2,0,0
BRDA:33,2,1,0
BRDA:51,3,0,0
BRDA:51,3,1,0
BRDA:57,4,0,0
BRDA:58,5,0,0
BRDA:58,5,1,0
BRDA:59,6,0,0
BRDA:59,6,1,0
BRDA:74,7,0,0
BRDA:74,7,1,0
BRDA:79,8,0,0
BRDA:79,8,1,0
BRDA:80,9,0,0
BRDA:80,9,1,0
BRDA:83,10,0,0
BRDA:83,10,1,0
BRDA:86,11,0,0
BRDA:86,11,1,0
BRDA:89,12,0,0
BRDA:89,12,1,0
BRDA:92,13,0,0
BRDA:92,13,1,0
BRDA:95,14,0,0
BRDA:95,14,1,0
BRDA:104,15,0,0
BRDA:104,15,1,0
BRDA:115,16,0,0
BRDA:115,16,1,0
BRDA:117,17,0,0
BRDA:117,17,1,0
BRDA:123,18,0,0
BRDA:123,18,1,0
BRDA:123,19,0,0
BRDA:123,19,1,0
BRDA:123,19,2,0
BRDA:129,20,0,0
BRDA:129,20,1,0
BRDA:134,21,0,0
BRDA:134,21,1,0
BRDA:138,22,0,0
BRDA:138,22,1,0
BRDA:138,23,0,0
BRDA:138,23,1,0
BRDA:144,24,0,0
BRDA:144,24,1,0
BRF:50
BRH:0
end_of_record
TN:
SF:src/js/storage.js
FN:9,(anonymous_0)
FN:15,(anonymous_1)
FN:30,(anonymous_2)
FN:40,(anonymous_3)
FNF:4
FNH:0
FNDA:0,(anonymous_0)
FNDA:0,(anonymous_1)
FNDA:0,(anonymous_2)
FNDA:0,(anonymous_3)
DA:10,0
DA:11,0
DA:16,0
DA:17,0
DA:18,0
DA:21,0
DA:22,0
DA:23,0
DA:26,0
DA:30,0
DA:31,0
DA:32,0
DA:34,0
DA:35,0
DA:36,0
DA:37,0
DA:40,0
DA:42,0
DA:43,0
DA:47,0
DA:48,0
DA:52,0
DA:55,0
DA:56,0
DA:60,0
DA:63,0
DA:64,0
LF:27
LH:0
BRDA:17,0,0,0
BRDA:17,0,1,0
BRDA:31,1,0,0
BRDA:31,1,1,0
BRDA:31,2,0,0
BRDA:31,2,1,0
BRDA:35,3,0,0
BRDA:35,3,1,0
BRDA:37,4,0,0
BRDA:37,4,1,0
BRDA:37,5,0,0
BRDA:37,5,1,0
BRDA:42,6,0,0
BRDA:42,6,1,0
BRDA:42,7,0,0
BRDA:42,7,1,0
BRDA:47,8,0,0
BRDA:47,8,1,0
BRDA:55,9,0,0
BRDA:55,9,1,0
BRF:20
BRH:0
end_of_record
TN:
SF:src/js/support.js
FN:26,(anonymous_0)
FN:37,(anonymous_1)
FN:52,(anonymous_2)
FN:82,(anonymous_3)
FNF:4
FNH:0
FNDA:0,(anonymous_0)
FNDA:0,(anonymous_1)
FNDA:0,(anonymous_2)
FNDA:0,(anonymous_3)
DA:10,0
DA:19,0
DA:27,0
DA:28,0
DA:30,0
DA:38,0
DA:53,0
DA:54,0
DA:57,0
DA:58,0
DA:61,0
DA:62,0
DA:66,0
DA:67,0
DA:70,0
DA:71,0
DA:74,0
DA:83,0
DA:84,0
DA:85,0
LF:20
LH:0
BRDA:27,0,0,0
BRDA:27,0,1,0
BRDA:28,1,0,0
BRDA:28,1,1,0
BRDA:38,2,0,0
BRDA:38,2,1,0
BRDA:53,3,0,0
BRDA:53,3,1,0
BRDA:61,4,0,0
BRDA:61,4,1,0
BRDA:61,5,0,0
BRDA:61,5,1,0
BRDA:66,6,0,0
BRDA:66,6,1,0
BRDA:71,7,0,0
BRDA:71,7,1,0
BRDA:97,8,0,0
BRDA:97,8,1,0
BRF:18
BRH:0
end_of_record
TN:
SF:src/js/ui.js
FN:15,(anonymous_0)
FN:21,(anonymous_1)
FN:31,(anonymous_2)
FN:108,(anonymous_3)
FN:117,(anonymous_4)
FN:133,(anonymous_5)
FN:143,(anonymous_6)
FN:165,(anonymous_7)
FN:171,(anonymous_8)
FN:188,(anonymous_9)
FN:189,(anonymous_10)
FN:197,(anonymous_11)
FN:203,(anonymous_12)
FN:218,(anonymous_13)
FN:225,(anonymous_14)
FN:240,(anonymous_15)
FN:248,(anonymous_16)
FN:260,(anonymous_17)
FN:277,(anonymous_18)
FN:281,(anonymous_19)
FN:282,(anonymous_20)
FNF:21
FNH:0
FNDA:0,(anonymous_0)
FNDA:0,(anonymous_1)
FNDA:0,(anonymous_2)
FNDA:0,(anonymous_3)
FNDA:0,(anonymous_4)
FNDA:0,(anonymous_5)
FNDA:0,(anonymous_6)
FNDA:0,(anonymous_7)
FNDA:0,(anonymous_8)
FNDA:0,(anonymous_9)
FNDA:0,(anonymous_10)
FNDA:0,(anonymous_11)
FNDA:0,(anonymous_12)
FNDA:0,(anonymous_13)
FNDA:0,(anonymous_14)
FNDA:0,(anonymous_15)
FNDA:0,(anonymous_16)
FNDA:0,(anonymous_17)
FNDA:0,(anonymous_18)
FNDA:0,(anonymous_19)
FNDA:0,(anonymous_20)
DA:14,0
DA:16,0
DA:17,0
DA:22,0
DA:23,0
DA:26,0
DA:34,0
DA:37,0
DA:38,0
DA:41,0
DA:44,0
DA:48,0
DA:50,0
DA:53,0
DA:57,0
DA:60,0
DA:61,0
DA:65,0
DA:68,0
DA:71,0
DA:74,0
DA:77,0
DA:80,0
DA:83,0
DA:86,0
DA:89,0
DA:92,0
DA:99,0
DA:102,0
DA:105,0
DA:108,0
DA:109,0
DA:113,0
DA:116,0
DA:117,0
DA:122,0
DA:123,0
DA:127,0
DA:128,0
DA:135,0
DA:138,0
DA:139,0
DA:143,0
DA:144,0
DA:149,0
DA:150,0
DA:152,0
DA:153,0
DA:157,0
DA:158,0
DA:160,0
DA:166,0
DA:173,0
DA:174,0
DA:178,0
DA:181,0
DA:184,0
DA:188,0
DA:191,0
DA:192,0
DA:195,0
DA:199,0
DA:200,0
DA:204,0
DA:210,0
DA:212,0
DA:220,0
DA:221,0
DA:222,0
DA:225,0
DA:226,0
DA:227,0
DA:231,0
DA:232,0
DA:236,0
DA:241,0
DA:244,0
DA:247,0
DA:250,0
DA:253,0
DA:261,0
DA:263,0
DA:265,0
DA:268,0
DA:279,0
DA:281,0
DA:284,0
DA:287,0
DA:291,0
DA:292,0
LF:90
LH:0
BRDA:21,0,0,0
BRDA:22,1,0,0
BRDA:22,1,1,0
BRDA:22,2,0,0
BRDA:22,2,1,0
BRDA:37,3,0,0
BRDA:37,3,1,0
BRDA:48,4,0,0
BRDA:48,4,1,0
BRDA:60,5,0,0
BRDA:60,5,1,0
BRDA:95,6,0,0
BRDA:95,6,1,0
BRDA:95,6,2,0
BRDA:99,7,0,0
BRDA:99,7,1,0
BRDA:116,8,0,0
BRDA:116,8,1,0
BRDA:122,9,0,0
BRDA:122,9,1,0
BRDA:127,10,0,0
BRDA:127,10,1,0
BRDA:138,11,0,0
BRDA:138,11,1,0
BRDA:138,12,0,0
BRDA:138,12,1,0
BRDA:143,13,0,0
BRDA:143,13,1,0
BRDA:149,14,0,0
BRDA:149,14,1,0
BRDA:152,15,0,0
BRDA:152,15,1,0
BRDA:157,16,0,0
BRDA:157,16,1,0
BRDA:171,17,0,0
BRDA:173,18,0,0
BRDA:173,18,1,0
BRDA:173,19,0,0
BRDA:173,19,1,0
BRDA:191,20,0,0
BRDA:191,20,1,0
BRDA:199,21,0,0
BRDA:199,21,1,0
BRDA:225,22,0,0
BRDA:225,22,1,0
BRDA:227,23,0,0
BRDA:227,23,1,0
BRDA:231,24,0,0
BRDA:231,24,1,0
BRDA:231,25,0,0
BRDA:231,25,1,0
BRDA:255,26,0,0
BRDA:255,26,1,0
BRDA:263,27,0,0
BRDA:263,27,1,0
BRDA:263,28,0,0
BRDA:263,28,1,0
BRDA:265,29,0,0
BRDA:265,29,1,0
BRDA:270,30,0,0
BRDA:270,30,1,0
BRDA:270,30,2,0
BRDA:270,30,3,0
BRDA:270,30,4,0
BRDA:270,30,5,0
BRDA:281,31,0,0
BRDA:281,31,1,0
BRDA:281,31,2,0
BRDA:291,32,0,0
BRDA:291,32,1,0
BRF:70
BRH:0
end_of_record
TN:
SF:src/js/config/defaults.js
FNF:0
FNH:0
DA:5,0
LF:1
LH:0
BRF:0
BRH:0
end_of_record
TN:
SF:src/js/config/states.js
FNF:0
FNH:0
DA:5,0
LF:1
LH:0
BRF:0
BRH:0
end_of_record
TN:
SF:src/js/config/types.js
FN:20,getProviderByUrl
FNF:1
FNH:0
FNDA:0,getProviderByUrl
DA:5,0
DA:11,0
DA:22,0
DA:23,0
DA:27,0
DA:28,0
DA:31,0
LF:7
LH:0
BRDA:22,0,0,0
BRDA:22,0,1,0
BRDA:27,1,0,0
BRDA:27,1,1,0
BRF:4
BRH:0
end_of_record
TN:
SF:src/js/plugins/ads.js
FN:18,destroy
FN:38,(anonymous_1)
FN:55,(anonymous_2)
FN:66,(anonymous_3)
FN:80,(anonymous_4)
FN:88,(anonymous_5)
FN:91,(anonymous_6)
FN:104,(anonymous_7)
FN:115,(anonymous_8)
FN:127,(anonymous_9)
FN:157,(anonymous_10)
FN:183,(anonymous_11)
FN:186,(anonymous_12)
FN:195,(anonymous_13)
FN:227,(anonymous_14)
FN:234,(anonymous_15)
FN:247,(anonymous_16)
FN:269,(anonymous_17)
FN:272,(anonymous_18)
FN:273,(anonymous_19)
FN:280,(anonymous_20)
FN:283,(anonymous_21)
FN:307,(anonymous_22)
FN:315,(anonymous_23)
FN:422,(anonymous_24)
FN:432,(anonymous_25)
FN:436,(anonymous_26)
FN:440,(anonymous_27)
FN:444,(anonymous_28)
FN:448,(anonymous_29)
FN:455,(anonymous_30)
FN:465,(anonymous_31)
FN:475,(anonymous_32)
FN:484,(anonymous_33)
FN:509,(anonymous_34)
FN:515,(anonymous_35)
FN:529,(anonymous_36)
FN:546,(anonymous_37)
FN:562,(anonymous_38)
FN:565,(anonymous_39)
FN:572,(anonymous_40)
FN:582,(anonymous_41)
FN:590,(anonymous_42)
FN:594,(anonymous_43)
FN:608,(anonymous_44)
FN:626,(anonymous_45)
FN:629,(anonymous_46)
FN:639,(anonymous_47)
FNF:48
FNH:0
FNDA:0,destroy
FNDA:0,(anonymous_1)
FNDA:0,(anonymous_2)
FNDA:0,(anonymous_3)
FNDA:0,(anonymous_4)
FNDA:0,(anonymous_5)
FNDA:0,(anonymous_6)
FNDA:0,(anonymous_7)
FNDA:0,(anonymous_8)
FNDA:0,(anonymous_9)
FNDA:0,(anonymous_10)
FNDA:0,(anonymous_11)
FNDA:0,(anonymous_12)
FNDA:0,(anonymous_13)
FNDA:0,(anonymous_14)
FNDA:0,(anonymous_15)
FNDA:0,(anonymous_16)
FNDA:0,(anonymous_17)
FNDA:0,(anonymous_18)
FNDA:0,(anonymous_19)
FNDA:0,(anonymous_20)
FNDA:0,(anonymous_21)
FNDA:0,(anonymous_22)
FNDA:0,(anonymous_23)
FNDA:0,(anonymous_24)
FNDA:0,(anonymous_25)
FNDA:0,(anonymous_26)
FNDA:0,(anonymous_27)
FNDA:0,(anonymous_28)
FNDA:0,(anonymous_29)
FNDA:0,(anonymous_30)
FNDA:0,(anonymous_31)
FNDA:0,(anonymous_32)
FNDA:0,(anonymous_33)
FNDA:0,(anonymous_34)
FNDA:0,(anonymous_35)
FNDA:0,(anonymous_36)
FNDA:0,(anonymous_37)
FNDA:0,(anonymous_38)
FNDA:0,(anonymous_39)
FNDA:0,(anonymous_40)
FNDA:0,(anonymous_41)
FNDA:0,(anonymous_42)
FNDA:0,(anonymous_43)
FNDA:0,(anonymous_44)
FNDA:0,(anonymous_45)
FNDA:0,(anonymous_46)
FNDA:0,(anonymous_47)
DA:20,0
DA:21,0
DA:25,0
DA:26,0
DA:29,0
DA:39,0
DA:40,0
DA:41,0
DA:42,0
DA:43,0
DA:47,0
DA:48,0
DA:49,0
DA:50,0
DA:51,0
DA:52,0
DA:55,0
DA:57,0
DA:60,0
DA:63,0
DA:67,0
DA:69,0
DA:80,0
DA:81,0
DA:82,0
DA:86,0
DA:87,0
DA:89,0
DA:93,0
DA:97,0
DA:104,0
DA:106,0
DA:107,0
DA:112,0
DA:115,0
DA:116,0
DA:120,0
DA:123,0
DA:128,0
DA:130,0
DA:131,0
DA:134,0
DA:144,0
DA:146,0
DA:157,0
DA:159,0
DA:163,0
DA:166,0
DA:169,0
DA:172,0
DA:175,0
DA:178,0
DA:181,0
DA:183,0
DA:186,0
DA:189,0
DA:195,0
DA:196,0
DA:198,0
DA:200,0
DA:201,0
DA:205,0
DA:206,0
DA:207,0
DA:208,0
DA:211,0
DA:214,0
DA:216,0
DA:219,0
DA:227,0
DA:228,0
DA:229,0
DA:230,0
DA:231,0
DA:234,0
DA:235,0
DA:236,0
DA:237,0
DA:240,0
DA:247,0
DA:249,0
DA:250,0
DA:254,0
DA:257,0
DA:258,0
DA:262,0
DA:265,0
DA:269,0
DA:272,0
DA:273,0
DA:277,0
DA:280,0
DA:282,0
DA:283,0
DA:284,0
DA:285,0
DA:287,0
DA:288,0
DA:289,0
DA:293,0
DA:294,0
DA:307,0
DA:308,0
DA:311,0
DA:312,0
DA:315,0
DA:316,0
DA:320,0
DA:322,0
DA:326,0
DA:329,0
DA:331,0
DA:333,0
DA:334,0
DA:340,0
DA:344,0
DA:346,0
DA:375,0
DA:376,0
DA:380,0
DA:383,0
DA:390,0
DA:392,0
DA:400,0
DA:402,0
DA:404,0
DA:407,0
DA:408,0
DA:411,0
DA:414,0
DA:422,0
DA:423,0
DA:424,0
DA:432,0
DA:433,0
DA:436,0
DA:437,0
DA:440,0
DA:441,0
DA:444,0
DA:445,0
DA:448,0
DA:449,0
DA:451,0
DA:452,0
DA:455,0
DA:456,0
DA:457,0
DA:458,0
DA:465,0
DA:466,0
DA:467,0
DA:475,0
DA:476,0
DA:478,0
DA:479,0
DA:483,0
DA:486,0
DA:489,0
DA:491,0
DA:492,0
DA:494,0
DA:498,0
DA:501,0
DA:506,0
DA:515,0
DA:517,0
DA:520,0
DA:523,0
DA:529,0
DA:531,0
DA:534,0
DA:537,0
DA:546,0
DA:548,0
DA:549,0
DA:553,0
DA:556,0
DA:562,0
DA:564,0
DA:567,0
DA:568,0
DA:572,0
DA:573,0
DA:574,0
DA:577,0
DA:580,0
DA:590,0
DA:591,0
DA:593,0
DA:594,0
DA:595,0
DA:596,0
DA:608,0
DA:609,0
DA:610,0
DA:613,0
DA:615,0
DA:626,0
DA:627,0
DA:629,0
DA:630,0
DA:631,0
DA:639,0
DA:640,0
DA:641,0
DA:643,0
DA:644,0
LF:208
LH:0
BRDA:20,0,0,0
BRDA:20,0,1,0
BRDA:25,1,0,0
BRDA:25,1,1,0
BRDA:70,2,0,0
BRDA:70,2,1,0
BRDA:70,2,2,0
BRDA:70,2,3,0
BRDA:70,2,4,0
BRDA:81,3,0,0
BRDA:81,3,1,0
BRDA:86,4,0,0
BRDA:86,4,1,0
BRDA:86,5,0,0
BRDA:86,5,1,0
BRDA:106,6,0,0
BRDA:106,6,1,0
BRDA:130,7,0,0
BRDA:130,7,1,0
BRDA:227,8,0,0
BRDA:228,9,0,0
BRDA:228,9,1,0
BRDA:249,10,0,0
BRDA:249,10,1,0
BRDA:282,11,0,0
BRDA:282,11,1,0
BRDA:284,12,0,0
BRDA:284,12,1,0
BRDA:284,13,0,0
BRDA:284,13,1,0
BRDA:284,13,2,0
BRDA:287,14,0,0
BRDA:287,14,1,0
BRDA:322,15,0,0
BRDA:322,15,1,0
BRDA:322,15,2,0
BRDA:322,15,3,0
BRDA:322,15,4,0
BRDA:322,15,5,0
BRDA:322,15,6,0
BRDA:331,16,0,0
BRDA:331,16,1,0
BRDA:375,17,0,0
BRDA:375,17,1,0
BRDA:407,18,0,0
BRDA:407,18,1,0
BRDA:451,19,0,0
BRDA:451,19,1,0
BRDA:456,20,0,0
BRDA:456,20,1,0
BRDA:456,21,0,0
BRDA:456,21,1,0
BRDA:466,22,0,0
BRDA:466,22,1,0
BRDA:478,23,0,0
BRDA:478,23,1,0
BRDA:492,24,0,0
BRDA:492,24,1,0
BRDA:548,25,0,0
BRDA:548,25,1,0
BRDA:567,26,0,0
BRDA:567,26,1,0
BRDA:593,27,0,0
BRDA:593,27,1,0
BRDA:595,28,0,0
BRDA:595,28,1,0
BRDA:609,29,0,0
BRDA:609,29,1,0
BRDA:640,30,0,0
BRDA:640,30,1,0
BRF:70
BRH:0
end_of_record
TN:
SF:src/js/plugins/preview-thumbnails.js
FN:9,parseVtt
FN:13,(anonymous_1)
FN:17,(anonymous_2)
FN:68,fitRatio
FN:89,(anonymous_4)
FN:105,(anonymous_5)
FN:109,(anonymous_6)
FN:117,(anonymous_7)
FN:136,(anonymous_8)
FN:137,(anonymous_9)
FN:145,(anonymous_10)
FN:147,(anonymous_11)
FN:156,(anonymous_12)
FN:166,(anonymous_13)
FN:174,(anonymous_14)
FN:175,(anonymous_15)
FN:176,(anonymous_16)
FN:197,(anonymous_17)
FN:211,(anonymous_18)
FN:245,(anonymous_19)
FN:258,(anonymous_20)
FN:262,(anonymous_21)
FN:278,(anonymous_22)
FN:288,(anonymous_23)
FN:300,(anonymous_24)
FN:302,(anonymous_25)
FN:306,(anonymous_26)
FN:310,(anonymous_27)
FN:318,(anonymous_28)
FN:353,(anonymous_29)
FN:362,(anonymous_30)
FN:373,(anonymous_31)
FN:389,(anonymous_32)
FN:403,(anonymous_33)
FN:430,(anonymous_34)
FN:442,(anonymous_35)
FN:466,(anonymous_36)
FN:468,(anonymous_37)
FN:484,(anonymous_38)
FN:494,(anonymous_39)
FN:495,(anonymous_40)
FN:496,(anonymous_41)
FN:511,(anonymous_42)
FN:524,(anonymous_43)
FN:545,(anonymous_44)
FN:556,(anonymous_45)
FN:567,(anonymous_46)
FN:571,(anonymous_47)
FN:575,(anonymous_48)
FN:583,(anonymous_49)
FN:600,(anonymous_50)
FN:604,(anonymous_51)
FN:613,(anonymous_52)
FN:623,(anonymous_53)
FN:633,(anonymous_54)
FN:641,(anonymous_55)
FN:661,(anonymous_56)
FN:680,(anonymous_57)
FN:690,(anonymous_58)
FNF:59
FNH:0
FNDA:0,parseVtt
FNDA:0,(anonymous_1)
FNDA:0,(anonymous_2)
FNDA:0,fitRatio
FNDA:0,(anonymous_4)
FNDA:0,(anonymous_5)
FNDA:0,(anonymous_6)
FNDA:0,(anonymous_7)
FNDA:0,(anonymous_8)
FNDA:0,(anonymous_9)
FNDA:0,(anonymous_10)
FNDA:0,(anonymous_11)
FNDA:0,(anonymous_12)
FNDA:0,(anonymous_13)
FNDA:0,(anonymous_14)
FNDA:0,(anonymous_15)
FNDA:0,(anonymous_16)
FNDA:0,(anonymous_17)
FNDA:0,(anonymous_18)
FNDA:0,(anonymous_19)
FNDA:0,(anonymous_20)
FNDA:0,(anonymous_21)
FNDA:0,(anonymous_22)
FNDA:0,(anonymous_23)
FNDA:0,(anonymous_24)
FNDA:0,(anonymous_25)
FNDA:0,(anonymous_26)
FNDA:0,(anonymous_27)
FNDA:0,(anonymous_28)
FNDA:0,(anonymous_29)
FNDA:0,(anonymous_30)
FNDA:0,(anonymous_31)
FNDA:0,(anonymous_32)
FNDA:0,(anonymous_33)
FNDA:0,(anonymous_34)
FNDA:0,(anonymous_35)
FNDA:0,(anonymous_36)
FNDA:0,(anonymous_37)
FNDA:0,(anonymous_38)
FNDA:0,(anonymous_39)
FNDA:0,(anonymous_40)
FNDA:0,(anonymous_41)
FNDA:0,(anonymous_42)
FNDA:0,(anonymous_43)
FNDA:0,(anonymous_44)
FNDA:0,(anonymous_45)
FNDA:0,(anonymous_46)
FNDA:0,(anonymous_47)
FNDA:0,(anonymous_48)
FNDA:0,(anonymous_49)
FNDA:0,(anonymous_50)
FNDA:0,(anonymous_51)
FNDA:0,(anonymous_52)
FNDA:0,(anonymous_53)
FNDA:0,(anonymous_54)
FNDA:0,(anonymous_55)
FNDA:0,(anonymous_56)
FNDA:0,(anonymous_57)
FNDA:0,(anonymous_58)
DA:10,0
DA:11,0
DA:13,0
DA:14,0
DA:15,0
DA:17,0
DA:18,0
DA:20,0
DA:24,0
DA:25,0
DA:30,0
DA:37,0
DA:39,0
DA:40,0
DA:43,0
DA:44,0
DA:49,0
DA:50,0
DA:54,0
DA:69,0
DA:70,0
DA:71,0
DA:72,0
DA:73,0
DA:76,0
DA:77,0
DA:80,0
DA:90,0
DA:91,0
DA:92,0
DA:93,0
DA:94,0
DA:95,0
DA:97,0
DA:102,0
DA:106,0
DA:109,0
DA:111,0
DA:112,0
DA:115,0
DA:117,0
DA:118,0
DA:119,0
DA:123,0
DA:126,0
DA:129,0
DA:131,0
DA:136,0
DA:137,0
DA:138,0
DA:140,0
DA:141,0
DA:145,0
DA:147,0
DA:149,0
DA:151,0
DA:155,0
DA:156,0
DA:157,0
DA:158,0
DA:164,0
DA:166,0
DA:168,0
DA:174,0
DA:175,0
DA:176,0
DA:177,0
DA:186,0
DA:191,0
DA:195,0
DA:197,0
DA:198,0
DA:199,0
DA:201,0
DA:203,0
DA:206,0
DA:211,0
DA:212,0
DA:214,0
DA:217,0
DA:219,0
DA:221,0
DA:225,0
DA:226,0
DA:227,0
DA:229,0
DA:231,0
DA:234,0
DA:236,0
DA:239,0
DA:242,0
DA:245,0
DA:248,0
DA:250,0
DA:255,0
DA:258,0
DA:259,0
DA:262,0
DA:264,0
DA:265,0
DA:268,0
DA:269,0
DA:270,0
DA:273,0
DA:278,0
DA:279,0
DA:282,0
DA:284,0
DA:288,0
DA:290,0
DA:291,0
DA:300,0
DA:302,0
DA:303,0
DA:306,0
DA:307,0
DA:310,0
DA:311,0
DA:318,0
DA:320,0
DA:325,0
DA:328,0
DA:331,0
DA:335,0
DA:336,0
DA:338,0
DA:341,0
DA:342,0
DA:346,0
DA:350,0
DA:353,0
DA:354,0
DA:355,0
DA:357,0
DA:358,0
DA:362,0
DA:363,0
DA:364,0
DA:367,0
DA:372,0
DA:373,0
DA:375,0
DA:376,0
DA:379,0
DA:380,0
DA:384,0
DA:385,0
DA:389,0
DA:390,0
DA:391,0
DA:396,0
DA:397,0
DA:398,0
DA:403,0
DA:404,0
DA:405,0
DA:406,0
DA:407,0
DA:408,0
DA:409,0
DA:411,0
DA:414,0
DA:415,0
DA:421,0
DA:422,0
DA:423,0
DA:424,0
DA:425,0
DA:427,0
DA:430,0
DA:431,0
DA:432,0
DA:436,0
DA:437,0
DA:438,0
DA:442,0
DA:443,0
DA:446,0
DA:448,0
DA:449,0
DA:450,0
DA:452,0
DA:453,0
DA:460,0
DA:466,0
DA:468,0
DA:469,0
DA:470,0
DA:473,0
DA:475,0
DA:479,0
DA:482,0
DA:484,0
DA:485,0
DA:486,0
DA:494,0
DA:495,0
DA:496,0
DA:497,0
DA:499,0
DA:502,0
DA:503,0
DA:506,0
DA:509,0
DA:511,0
DA:512,0
DA:514,0
DA:516,0
DA:517,0
DA:518,0
DA:520,0
DA:521,0
DA:522,0
DA:523,0
DA:524,0
DA:525,0
DA:526,0
DA:529,0
DA:536,0
DA:537,0
DA:545,0
DA:546,0
DA:548,0
DA:550,0
DA:551,0
DA:554,0
DA:556,0
DA:558,0
DA:559,0
DA:560,0
DA:568,0
DA:572,0
DA:576,0
DA:577,0
DA:580,0
DA:584,0
DA:585,0
DA:589,0
DA:593,0
DA:594,0
DA:597,0
DA:601,0
DA:605,0
DA:606,0
DA:609,0
DA:613,0
DA:614,0
DA:615,0
DA:617,0
DA:618,0
DA:619,0
DA:623,0
DA:624,0
DA:625,0
DA:627,0
DA:628,0
DA:629,0
DA:633,0
DA:634,0
DA:636,0
DA:641,0
DA:642,0
DA:644,0
DA:645,0
DA:646,0
DA:647,0
DA:649,0
DA:650,0
DA:651,0
DA:653,0
DA:654,0
DA:655,0
DA:658,0
DA:661,0
DA:662,0
DA:663,0
DA:664,0
DA:666,0
DA:667,0
DA:669,0
DA:670,0
DA:673,0
DA:676,0
DA:680,0
DA:681,0
DA:685,0
DA:686,0
DA:690,0
DA:691,0
DA:694,0
DA:696,0
DA:698,0
DA:700,0
DA:702,0
LF:294
LH:0
BRDA:18,0,0,0
BRDA:18,0,1,0
BRDA:24,1,0,0
BRDA:24,1,1,0
BRDA:26,2,0,0
BRDA:26,2,1,0
BRDA:31,3,0,0
BRDA:31,3,1,0
BRDA:37,4,0,0
BRDA:37,4,1,0
BRDA:37,5,0,0
BRDA:37,5,1,0
BRDA:43,6,0,0
BRDA:43,6,1,0
BRDA:49,7,0,0
BRDA:49,7,1,0
BRDA:71,8,0,0
BRDA:71,8,1,0
BRDA:106,9,0,0
BRDA:106,9,1,0
BRDA:106,9,2,0
BRDA:111,10,0,0
BRDA:111,10,1,0
BRDA:115,11,0,0
BRDA:115,11,1,0
BRDA:118,12,0,0
BRDA:118,12,1,0
BRDA:140,13,0,0
BRDA:140,13,1,0
BRDA:155,14,0,0
BRDA:155,14,1,0
BRDA:164,15,0,0
BRDA:164,15,1,0
BRDA:186,16,0,0
BRDA:186,16,1,0
BRDA:187,17,0,0
BRDA:187,17,1,0
BRDA:187,17,2,0
BRDA:212,18,0,0
BRDA:212,18,1,0
BRDA:214,19,0,0
BRDA:214,19,1,0
BRDA:214,20,0,0
BRDA:214,20,1,0
BRDA:217,21,0,0
BRDA:217,21,1,0
BRDA:219,22,0,0
BRDA:219,22,1,0
BRDA:229,23,0,0
BRDA:229,23,1,0
BRDA:234,24,0,0
BRDA:234,24,1,0
BRDA:248,25,0,0
BRDA:248,25,1,0
BRDA:264,26,0,0
BRDA:264,26,1,0
BRDA:264,27,0,0
BRDA:264,27,1,0
BRDA:264,27,2,0
BRDA:268,28,0,0
BRDA:268,28,1,0
BRDA:282,29,0,0
BRDA:282,29,1,0
BRDA:290,30,0,0
BRDA:290,30,1,0
BRDA:341,31,0,0
BRDA:341,31,1,0
BRDA:354,32,0,0
BRDA:354,32,1,0
BRDA:357,33,0,0
BRDA:357,33,1,0
BRDA:363,34,0,0
BRDA:363,34,1,0
BRDA:373,35,0,0
BRDA:373,35,1,0
BRDA:379,36,0,0
BRDA:379,36,1,0
BRDA:384,37,0,0
BRDA:384,37,1,0
BRDA:390,38,0,0
BRDA:390,38,1,0
BRDA:396,39,0,0
BRDA:396,39,1,0
BRDA:403,40,0,0
BRDA:411,41,0,0
BRDA:411,41,1,0
BRDA:411,42,0,0
BRDA:411,42,1,0
BRDA:414,43,0,0
BRDA:414,43,1,0
BRDA:414,44,0,0
BRDA:414,44,1,0
BRDA:442,45,0,0
BRDA:448,46,0,0
BRDA:448,46,1,0
BRDA:452,47,0,0
BRDA:452,47,1,0
BRDA:469,48,0,0
BRDA:469,48,1,0
BRDA:473,49,0,0
BRDA:473,49,1,0
BRDA:475,50,0,0
BRDA:475,50,1,0
BRDA:475,51,0,0
BRDA:475,51,1,0
BRDA:494,52,0,0
BRDA:499,53,0,0
BRDA:499,53,1,0
BRDA:502,54,0,0
BRDA:502,54,1,0
BRDA:514,55,0,0
BRDA:514,55,1,0
BRDA:516,56,0,0
BRDA:516,56,1,0
BRDA:526,57,0,0
BRDA:526,57,1,0
BRDA:536,58,0,0
BRDA:536,58,1,0
BRDA:546,59,0,0
BRDA:546,59,1,0
BRDA:550,60,0,0
BRDA:550,60,1,0
BRDA:554,61,0,0
BRDA:554,61,1,0
BRDA:558,62,0,0
BRDA:558,62,1,0
BRDA:568,63,0,0
BRDA:568,63,1,0
BRDA:576,64,0,0
BRDA:576,64,1,0
BRDA:584,65,0,0
BRDA:584,65,1,0
BRDA:593,66,0,0
BRDA:593,66,1,0
BRDA:601,67,0,0
BRDA:601,67,1,0
BRDA:605,68,0,0
BRDA:605,68,1,0
BRDA:613,69,0,0
BRDA:613,70,0,0
BRDA:617,71,0,0
BRDA:617,71,1,0
BRDA:617,72,0,0
BRDA:617,72,1,0
BRDA:623,73,0,0
BRDA:627,74,0,0
BRDA:627,74,1,0
BRDA:634,75,0,0
BRDA:634,75,1,0
BRDA:634,76,0,0
BRDA:634,76,1,0
BRDA:644,77,0,0
BRDA:644,77,1,0
BRDA:649,78,0,0
BRDA:649,78,1,0
BRDA:649,79,0,0
BRDA:649,79,1,0
BRDA:653,80,0,0
BRDA:653,80,1,0
BRDA:653,81,0,0
BRDA:653,81,1,0
BRDA:691,82,0,0
BRDA:691,82,1,0
BRF:163
BRH:0
end_of_record
TN:
SF:src/js/plugins/vimeo.js
FN:18,parseId
FN:34,parseHash
FN:49,assurePlaybackState
FN:60,(anonymous_3)
FN:75,(anonymous_4)
FN:78,(anonymous_5)
FN:88,(anonymous_6)
FN:158,(anonymous_7)
FN:164,(anonymous_8)
FN:184,(anonymous_9)
FN:189,(anonymous_10)
FN:194,(anonymous_11)
FN:202,(anonymous_12)
FN:205,(anonymous_13)
FN:219,(anonymous_14)
FN:221,(anonymous_15)
FN:223,(anonymous_16)
FN:224,(anonymous_17)
FN:233,(anonymous_18)
FN:236,(anonymous_19)
FN:239,(anonymous_20)
FN:243,(anonymous_21)
FN:253,(anonymous_22)
FN:256,(anonymous_23)
FN:257,(anonymous_24)
FN:267,(anonymous_25)
FN:270,(anonymous_26)
FN:273,(anonymous_27)
FN:283,(anonymous_28)
FN:286,(anonymous_29)
FN:289,(anonymous_30)
FN:299,(anonymous_31)
FN:303,(anonymous_32)
FN:308,(anonymous_33)
FN:315,(anonymous_34)
FN:321,(anonymous_35)
FN:328,(anonymous_36)
FN:333,(anonymous_37)
FN:339,(anonymous_38)
FN:345,(anonymous_39)
FN:351,(anonymous_40)
FN:356,(anonymous_41)
FN:357,(anonymous_42)
FN:361,(anonymous_43)
FN:363,(anonymous_44)
FN:379,(anonymous_45)
FN:383,(anonymous_46)
FN:387,(anonymous_47)
FN:392,(anonymous_48)
FN:396,(anonymous_49)
FN:402,(anonymous_50)
FN:413,(anonymous_51)
FN:421,(anonymous_52)
FN:426,(anonymous_53)
FN:431,(anonymous_54)
FN:438,(anonymous_55)
FNF:56
FNH:0
FNDA:0,parseId
FNDA:0,parseHash
FNDA:0,assurePlaybackState
FNDA:0,(anonymous_3)
FNDA:0,(anonymous_4)
FNDA:0,(anonymous_5)
FNDA:0,(anonymous_6)
FNDA:0,(anonymous_7)
FNDA:0,(anonymous_8)
FNDA:0,(anonymous_9)
FNDA:0,(anonymous_10)
FNDA:0,(anonymous_11)
FNDA:0,(anonymous_12)
FNDA:0,(anonymous_13)
FNDA:0,(anonymous_14)
FNDA:0,(anonymous_15)
FNDA:0,(anonymous_16)
FNDA:0,(anonymous_17)
FNDA:0,(anonymous_18)
FNDA:0,(anonymous_19)
FNDA:0,(anonymous_20)
FNDA:0,(anonymous_21)
FNDA:0,(anonymous_22)
FNDA:0,(anonymous_23)
FNDA:0,(anonymous_24)
FNDA:0,(anonymous_25)
FNDA:0,(anonymous_26)
FNDA:0,(anonymous_27)
FNDA:0,(anonymous_28)
FNDA:0,(anonymous_29)
FNDA:0,(anonymous_30)
FNDA:0,(anonymous_31)
FNDA:0,(anonymous_32)
FNDA:0,(anonymous_33)
FNDA:0,(anonymous_34)
FNDA:0,(anonymous_35)
FNDA:0,(anonymous_36)
FNDA:0,(anonymous_37)
FNDA:0,(anonymous_38)
FNDA:0,(anonymous_39)
FNDA:0,(anonymous_40)
FNDA:0,(anonymous_41)
FNDA:0,(anonymous_42)
FNDA:0,(anonymous_43)
FNDA:0,(anonymous_44)
FNDA:0,(anonymous_45)
FNDA:0,(anonymous_46)
FNDA:0,(anonymous_47)
FNDA:0,(anonymous_48)
FNDA:0,(anonymous_49)
FNDA:0,(anonymous_50)
FNDA:0,(anonymous_51)
FNDA:0,(anonymous_52)
FNDA:0,(anonymous_53)
FNDA:0,(anonymous_54)
FNDA:0,(anonymous_55)
DA:19,0
DA:20,0
DA:23,0
DA:24,0
DA:28,0
DA:29,0
DA:30,0
DA:42,0
DA:43,0
DA:45,0
DA:50,0
DA:51,0
DA:53,0
DA:54,0
DA:55,0
DA:59,0
DA:61,0
DA:64,0
DA:67,0
DA:70,0
DA:73,0
DA:74,0
DA:76,0
DA:79,0
DA:83,0
DA:89,0
DA:90,0
DA:91,0
DA:93,0
DA:94,0
DA:96,0
DA:97,0
DA:99,0
DA:102,0
DA:104,0
DA:107,0
DA:108,0
DA:115,0
DA:126,0
DA:128,0
DA:129,0
DA:130,0
DA:131,0
DA:132,0
DA:138,0
DA:139,0
DA:143,0
DA:144,0
DA:145,0
DA:148,0
DA:152,0
DA:153,0
DA:157,0
DA:158,0
DA:159,0
DA:160,0
DA:164,0
DA:170,0
DA:175,0
DA:176,0
DA:179,0
DA:180,0
DA:184,0
DA:185,0
DA:186,0
DA:189,0
DA:190,0
DA:191,0
DA:194,0
DA:195,0
DA:196,0
DA:200,0
DA:201,0
DA:203,0
DA:209,0
DA:210,0
DA:213,0
DA:214,0
DA:217,0
DA:219,0
DA:221,0
DA:223,0
DA:231,0
DA:232,0
DA:234,0
DA:237,0
DA:240,0
DA:241,0
DA:245,0
DA:251,0
DA:252,0
DA:254,0
DA:257,0
DA:258,0
DA:259,0
DA:265,0
DA:266,0
DA:268,0
DA:271,0
DA:273,0
DA:274,0
DA:275,0
DA:281,0
DA:282,0
DA:284,0
DA:287,0
DA:289,0
DA:290,0
DA:297,0
DA:300,0
DA:301,0
DA:304,0
DA:307,0
DA:309,0
DA:314,0
DA:316,0
DA:321,0
DA:322,0
DA:323,0
DA:324,0
DA:328,0
DA:329,0
DA:333,0
DA:334,0
DA:335,0
DA:339,0
DA:340,0
DA:341,0
DA:345,0
DA:346,0
DA:347,0
DA:351,0
DA:352,0
DA:353,0
DA:356,0
DA:357,0
DA:358,0
DA:361,0
DA:363,0
DA:364,0
DA:365,0
DA:366,0
DA:370,0
DA:371,0
DA:375,0
DA:379,0
DA:380,0
DA:383,0
DA:384,0
DA:387,0
DA:388,0
DA:389,0
DA:392,0
DA:393,0
DA:396,0
DA:397,0
DA:398,0
DA:399,0
DA:402,0
DA:403,0
DA:404,0
DA:407,0
DA:408,0
DA:413,0
DA:414,0
DA:415,0
DA:416,0
DA:421,0
DA:422,0
DA:423,0
DA:426,0
DA:427,0
DA:428,0
DA:431,0
DA:432,0
DA:433,0
DA:437,0
DA:438,0
LF:178
LH:0
BRDA:19,0,0,0
BRDA:19,0,1,0
BRDA:23,1,0,0
BRDA:23,1,1,0
BRDA:30,2,0,0
BRDA:30,2,1,0
BRDA:45,3,0,0
BRDA:45,3,1,0
BRDA:45,4,0,0
BRDA:45,4,1,0
BRDA:50,5,0,0
BRDA:50,5,1,0
BRDA:50,6,0,0
BRDA:50,6,1,0
BRDA:53,7,0,0
BRDA:53,7,1,0
BRDA:55,8,0,0
BRDA:55,8,1,0
BRDA:73,9,0,0
BRDA:73,9,1,0
BRDA:96,10,0,0
BRDA:96,10,1,0
BRDA:104,11,0,0
BRDA:104,11,1,0
BRDA:107,12,0,0
BRDA:107,12,1,0
BRDA:138,13,0,0
BRDA:138,13,1,0
BRDA:143,14,0,0
BRDA:143,14,1,0
BRDA:143,15,0,0
BRDA:143,15,1,0
BRDA:157,16,0,0
BRDA:157,16,1,0
BRDA:159,17,0,0
BRDA:159,17,1,0
BRDA:159,18,0,0
BRDA:159,18,1,0
BRDA:179,19,0,0
BRDA:179,19,1,0
BRDA:210,20,0,0
BRDA:210,20,1,0
BRDA:217,21,0,0
BRDA:217,21,1,0
BRDA:221,22,0,0
BRDA:221,22,1,0
BRDA:223,23,0,0
BRDA:223,23,1,0
BRDA:271,24,0,0
BRDA:271,24,1,0
BRDA:273,25,0,0
BRDA:273,25,1,0
BRDA:287,26,0,0
BRDA:287,26,1,0
BRDA:356,27,0,0
BRDA:365,28,0,0
BRDA:365,28,1,0
BRDA:370,29,0,0
BRDA:370,29,1,0
BRDA:370,30,0,0
BRDA:370,30,1,0
BRDA:407,31,0,0
BRDA:407,31,1,0
BRDA:414,32,0,0
BRDA:414,32,1,0
BRDA:437,33,0,0
BRDA:437,33,1,0
BRF:67
BRH:0
end_of_record
TN:
SF:src/js/plugins/youtube.js
FN:17,parseId
FN:28,assurePlaybackState
FN:38,getHost
FN:52,(anonymous_3)
FN:65,(anonymous_4)
FN:75,(anonymous_5)
FN:82,(anonymous_6)
FN:86,(anonymous_7)
FN:100,(anonymous_8)
FN:107,(anonymous_9)
FN:133,(anonymous_10)
FN:137,(anonymous_11)
FN:138,(anonymous_12)
FN:139,(anonymous_13)
FN:140,(anonymous_14)
FN:146,(anonymous_15)
FN:176,(anonymous_16)
FN:195,(anonymous_17)
FN:204,(anonymous_18)
FN:216,(anonymous_19)
FN:221,(anonymous_20)
FN:226,(anonymous_21)
FN:236,(anonymous_22)
FN:239,(anonymous_23)
FN:256,(anonymous_24)
FN:259,(anonymous_25)
FN:267,(anonymous_26)
FN:270,(anonymous_27)
FN:280,(anonymous_28)
FN:283,(anonymous_29)
FN:294,(anonymous_30)
FN:301,(anonymous_31)
FN:309,(anonymous_32)
FN:323,(anonymous_33)
FN:346,(anonymous_34)
FN:349,(anonymous_35)
FN:408,(anonymous_36)
FNF:37
FNH:0
FNDA:0,parseId
FNDA:0,assurePlaybackState
FNDA:0,getHost
FNDA:0,(anonymous_3)
FNDA:0,(anonymous_4)
FNDA:0,(anonymous_5)
FNDA:0,(anonymous_6)
FNDA:0,(anonymous_7)
FNDA:0,(anonymous_8)
FNDA:0,(anonymous_9)
FNDA:0,(anonymous_10)
FNDA:0,(anonymous_11)
FNDA:0,(anonymous_12)
FNDA:0,(anonymous_13)
FNDA:0,(anonymous_14)
FNDA:0,(anonymous_15)
FNDA:0,(anonymous_16)
FNDA:0,(anonymous_17)
FNDA:0,(anonymous_18)
FNDA:0,(anonymous_19)
FNDA:0,(anonymous_20)
FNDA:0,(anonymous_21)
FNDA:0,(anonymous_22)
FNDA:0,(anonymous_23)
FNDA:0,(anonymous_24)
FNDA:0,(anonymous_25)
FNDA:0,(anonymous_26)
FNDA:0,(anonymous_27)
FNDA:0,(anonymous_28)
FNDA:0,(anonymous_29)
FNDA:0,(anonymous_30)
FNDA:0,(anonymous_31)
FNDA:0,(anonymous_32)
FNDA:0,(anonymous_33)
FNDA:0,(anonymous_34)
FNDA:0,(anonymous_35)
FNDA:0,(anonymous_36)
DA:18,0
DA:19,0
DA:22,0
DA:23,0
DA:24,0
DA:29,0
DA:30,0
DA:32,0
DA:33,0
DA:34,0
DA:39,0
DA:40,0
DA:43,0
DA:44,0
DA:48,0
DA:51,0
DA:54,0
DA:57,0
DA:58,0
DA:62,0
DA:65,0
DA:67,0
DA:68,0
DA:71,0
DA:75,0
DA:76,0
DA:83,0
DA:85,0
DA:87,0
DA:88,0
DA:91,0
DA:92,0
DA:95,0
DA:98,0
DA:102,0
DA:108,0
DA:109,0
DA:111,0
DA:112,0
DA:113,0
DA:117,0
DA:120,0
DA:121,0
DA:125,0
DA:126,0
DA:128,0
DA:129,0
DA:132,0
DA:133,0
DA:136,0
DA:137,0
DA:138,0
DA:139,0
DA:142,0
DA:143,0
DA:151,0
DA:178,0
DA:179,0
DA:182,0
DA:190,0
DA:192,0
DA:197,0
DA:200,0
DA:202,0
DA:206,0
DA:207,0
DA:210,0
DA:213,0
DA:216,0
DA:217,0
DA:218,0
DA:221,0
DA:222,0
DA:223,0
DA:226,0
DA:227,0
DA:230,0
DA:231,0
DA:234,0
DA:235,0
DA:237,0
DA:241,0
DA:242,0
DA:246,0
DA:247,0
DA:250,0
DA:255,0
DA:257,0
DA:260,0
DA:265,0
DA:266,0
DA:268,0
DA:271,0
DA:272,0
DA:273,0
DA:278,0
DA:279,0
DA:281,0
DA:284,0
DA:285,0
DA:286,0
DA:287,0
DA:288,0
DA:293,0
DA:295,0
DA:300,0
DA:302,0
DA:307,0
DA:309,0
DA:312,0
DA:313,0
DA:316,0
DA:317,0
DA:320,0
DA:323,0
DA:325,0
DA:328,0
DA:329,0
DA:333,0
DA:336,0
DA:337,0
DA:340,0
DA:345,0
DA:346,0
DA:351,0
DA:354,0
DA:356,0
DA:358,0
DA:360,0
DA:361,0
DA:371,0
DA:374,0
DA:377,0
DA:378,0
DA:380,0
DA:383,0
DA:386,0
DA:388,0
DA:389,0
DA:392,0
DA:395,0
DA:399,0
DA:400,0
DA:403,0
DA:405,0
DA:408,0
DA:409,0
DA:415,0
DA:416,0
DA:417,0
DA:421,0
DA:425,0
DA:426,0
DA:428,0
DA:430,0
DA:434,0
DA:436,0
DA:439,0
DA:442,0
LF:159
LH:0
BRDA:18,0,0,0
BRDA:18,0,1,0
BRDA:24,1,0,0
BRDA:24,1,1,0
BRDA:24,2,0,0
BRDA:24,2,1,0
BRDA:29,3,0,0
BRDA:29,3,1,0
BRDA:29,4,0,0
BRDA:29,4,1,0
BRDA:32,5,0,0
BRDA:32,5,1,0
BRDA:34,6,0,0
BRDA:34,6,1,0
BRDA:39,7,0,0
BRDA:39,7,1,0
BRDA:43,8,0,0
BRDA:43,8,1,0
BRDA:57,9,0,0
BRDA:57,9,1,0
BRDA:57,10,0,0
BRDA:57,10,1,0
BRDA:67,11,0,0
BRDA:67,11,1,0
BRDA:87,12,0,0
BRDA:87,12,1,0
BRDA:111,13,0,0
BRDA:111,13,1,0
BRDA:112,14,0,0
BRDA:112,14,1,0
BRDA:112,15,0,0
BRDA:112,15,1,0
BRDA:120,16,0,0
BRDA:120,16,1,0
BRDA:128,17,0,0
BRDA:128,17,1,0
BRDA:132,18,0,0
BRDA:132,18,1,0
BRDA:142,19,0,0
BRDA:142,19,1,0
BRDA:158,20,0,0
BRDA:158,20,1,0
BRDA:162,21,0,0
BRDA:162,21,1,0
BRDA:162,22,0,0
BRDA:162,22,1,0
BRDA:166,23,0,0
BRDA:166,23,1,0
BRDA:166,24,0,0
BRDA:166,24,1,0
BRDA:168,25,0,0
BRDA:168,25,1,0
BRDA:171,26,0,0
BRDA:171,26,1,0
BRDA:178,27,0,0
BRDA:178,27,1,0
BRDA:182,28,0,0
BRDA:182,28,1,0
BRDA:206,29,0,0
BRDA:206,29,1,0
BRDA:241,30,0,0
BRDA:241,30,1,0
BRDA:241,31,0,0
BRDA:241,31,1,0
BRDA:284,32,0,0
BRDA:284,32,1,0
BRDA:286,33,0,0
BRDA:286,33,1,0
BRDA:312,34,0,0
BRDA:312,34,1,0
BRDA:312,35,0,0
BRDA:312,35,1,0
BRDA:328,36,0,0
BRDA:328,36,1,0
BRDA:328,37,0,0
BRDA:328,37,1,0
BRDA:336,38,0,0
BRDA:336,38,1,0
BRDA:345,39,0,0
BRDA:345,39,1,0
BRDA:356,40,0,0
BRDA:356,40,1,0
BRDA:358,41,0,0
BRDA:358,41,1,0
BRDA:371,42,0,0
BRDA:371,42,1,0
BRDA:371,42,2,0
BRDA:371,42,3,0
BRDA:371,42,4,0
BRDA:371,42,5,0
BRDA:386,43,0,0
BRDA:386,43,1,0
BRDA:399,44,0,0
BRDA:399,44,1,0
BRDA:399,45,0,0
BRDA:399,45,1,0
BRDA:399,45,2,0
BRDA:399,45,3,0
BRDA:415,46,0,0
BRDA:415,46,1,0
BRDA:425,47,0,0
BRDA:425,47,1,0
BRF:102
BRH:0
end_of_record
TN:
SF:src/js/utils/animation.js
FN:7,(anonymous_0)
FN:17,(anonymous_1)
FN:23,repaint
FN:24,(anonymous_3)
FNF:4
FNH:0
FNDA:0,(anonymous_0)
FNDA:0,(anonymous_1)
FNDA:0,repaint
FNDA:0,(anonymous_3)
DA:7,0
DA:8,0
DA:10,0
DA:17,0
DA:19,0
DA:24,0
DA:25,0
DA:26,0
DA:28,0
DA:29,0
LF:10
LH:0
BRDA:19,0,0,0
BRDA:19,0,1,0
BRF:2
BRH:0
end_of_record
TN:
SF:src/js/utils/arrays.js
FN:8,dedupe
FN:13,(anonymous_1)
FN:17,closest
FN:22,(anonymous_3)
FNF:4
FNH:0
FNDA:0,dedupe
FNDA:0,(anonymous_1)
FNDA:0,closest
FNDA:0,(anonymous_3)
DA:9,0
DA:10,0
DA:13,0
DA:18,0
DA:19,0
DA:22,0
LF:6
LH:0
BRDA:9,0,0,0
BRDA:9,0,1,0
BRDA:18,1,0,0
BRDA:18,1,1,0
BRDA:18,2,0,0
BRDA:18,2,1,0
BRDA:22,3,0,0
BRDA:22,3,1,0
BRF:8
BRH:0
end_of_record
TN:
SF:src/js/utils/browser.js
FNF:0
FNH:0
DA:6,0
DA:7,0
DA:8,0
DA:9,0
DA:11,0
DA:12,0
LF:6
LH:0
BRDA:8,0,0,0
BRDA:8,0,1,0
BRDA:9,1,0,0
BRDA:9,1,1,0
BRDA:11,2,0,0
BRDA:11,2,1,0
BRDA:12,3,0,0
BRDA:12,3,1,0
BRF:8
BRH:0
end_of_record
TN:
SF:src/js/utils/elements.js
FN:9,wrap
FN:17,(anonymous_1)
FN:40,setAttributes
FN:46,(anonymous_3)
FN:47,(anonymous_4)
FN:51,createElement
FN:70,insertAfter
FN:77,insertElement
FN:84,removeElement
FN:98,emptyElement
FN:110,replaceElement
FN:119,getAttributesFromSelector
FN:130,(anonymous_12)
FN:173,toggleHidden
FN:186,toggleClass
FN:188,(anonymous_15)
FN:205,hasClass
FN:210,matches
FN:213,match
FN:228,closest
FN:232,closestElement
FN:248,getElements
FN:253,getElement
FN:258,setFocus
FNF:24
FNH:0
FNDA:0,wrap
FNDA:0,(anonymous_1)
FNDA:0,setAttributes
FNDA:0,(anonymous_3)
FNDA:0,(anonymous_4)
FNDA:0,createElement
FNDA:0,insertAfter
FNDA:0,insertElement
FNDA:0,removeElement
FNDA:0,emptyElement
FNDA:0,replaceElement
FNDA:0,getAttributesFromSelector
FNDA:0,(anonymous_12)
FNDA:0,toggleHidden
FNDA:0,toggleClass
FNDA:0,(anonymous_15)
FNDA:0,hasClass
FNDA:0,matches
FNDA:0,match
FNDA:0,closest
FNDA:0,closestElement
FNDA:0,getElements
FNDA:0,getElement
FNDA:0,setFocus
DA:11,0
DA:15,0
DA:18,0
DA:20,0
DA:21,0
DA:25,0
DA:30,0
DA:31,0
DA:34,0
DA:41,0
DA:45,0
DA:46,0
DA:47,0
DA:53,0
DA:56,0
DA:57,0
DA:61,0
DA:62,0
DA:66,0
DA:71,0
DA:73,0
DA:78,0
DA:80,0
DA:85,0
DA:86,0
DA:87,0
DA:90,0
DA:91,0
DA:94,0
DA:99,0
DA:101,0
DA:103,0
DA:104,0
DA:105,0
DA:111,0
DA:113,0
DA:115,0
DA:125,0
DA:127,0
DA:128,0
DA:130,0
DA:132,0
DA:133,0
DA:134,0
DA:136,0
DA:137,0
DA:138,0
DA:140,0
DA:142,0
DA:145,0
DA:146,0
DA:149,0
DA:151,0
DA:155,0
DA:156,0
DA:160,0
DA:162,0
DA:165,0
DA:169,0
DA:174,0
DA:176,0
DA:178,0
DA:179,0
DA:182,0
DA:187,0
DA:188,0
DA:191,0
DA:192,0
DA:193,0
DA:194,0
DA:197,0
DA:198,0
DA:201,0
DA:206,0
DA:211,0
DA:214,0
DA:218,0
DA:224,0
DA:229,0
DA:233,0
DA:235,0
DA:236,0
DA:237,0
DA:239,0
DA:242,0
DA:244,0
DA:249,0
DA:254,0
DA:259,0
DA:262,0
LF:90
LH:0
BRDA:11,0,0,0
BRDA:11,0,1,0
BRDA:18,1,0,0
BRDA:18,1,1,0
BRDA:30,2,0,0
BRDA:30,2,1,0
BRDA:41,3,0,0
BRDA:41,3,1,0
BRDA:41,4,0,0
BRDA:41,4,1,0
BRDA:56,5,0,0
BRDA:56,5,1,0
BRDA:61,6,0,0
BRDA:61,6,1,0
BRDA:71,7,0,0
BRDA:71,7,1,0
BRDA:71,8,0,0
BRDA:71,8,1,0
BRDA:78,9,0,0
BRDA:78,9,1,0
BRDA:85,10,0,0
BRDA:85,10,1,0
BRDA:85,11,0,0
BRDA:85,11,1,0
BRDA:90,12,0,0
BRDA:90,12,1,0
BRDA:90,13,0,0
BRDA:90,13,1,0
BRDA:99,14,0,0
BRDA:99,14,1,0
BRDA:111,15,0,0
BRDA:111,15,1,0
BRDA:111,16,0,0
BRDA:111,16,1,0
BRDA:111,16,2,0
BRDA:125,17,0,0
BRDA:125,17,1,0
BRDA:125,18,0,0
BRDA:125,18,1,0
BRDA:138,19,0,0
BRDA:138,19,1,0
BRDA:142,20,0,0
BRDA:142,20,1,0
BRDA:142,20,2,0
BRDA:142,20,3,0
BRDA:145,21,0,0
BRDA:145,21,1,0
BRDA:174,22,0,0
BRDA:174,22,1,0
BRDA:178,23,0,0
BRDA:178,23,1,0
BRDA:187,24,0,0
BRDA:187,24,1,0
BRDA:191,25,0,0
BRDA:191,25,1,0
BRDA:193,26,0,0
BRDA:193,26,1,0
BRDA:194,27,0,0
BRDA:194,27,1,0
BRDA:206,28,0,0
BRDA:206,28,1,0
BRDA:218,29,0,0
BRDA:218,29,1,0
BRDA:218,29,2,0
BRDA:218,29,3,0
BRDA:218,29,4,0
BRDA:236,30,0,0
BRDA:236,30,1,0
BRDA:237,31,0,0
BRDA:237,31,1,0
BRDA:238,32,0,0
BRDA:238,32,1,0
BRDA:242,33,0,0
BRDA:242,33,1,0
BRDA:258,34,0,0
BRDA:258,35,0,0
BRDA:259,36,0,0
BRDA:259,36,1,0
BRF:78
BRH:0
end_of_record
TN:
SF:src/js/utils/events.js
FN:10,(anonymous_0)
FN:15,(anonymous_1)
FN:29,toggleListener
FN:52,(anonymous_3)
FN:63,on
FN:68,off
FN:73,once
FN:74,(anonymous_7)
FN:83,triggerEvent
FN:100,unbindListeners
FN:102,(anonymous_10)
FN:112,ready
FN:113,(anonymous_12)
FN:115,(anonymous_13)
FNF:14
FNH:0
FNDA:0,(anonymous_0)
FNDA:0,(anonymous_1)
FNDA:0,toggleListener
FNDA:0,(anonymous_3)
FNDA:0,on
FNDA:0,off
FNDA:0,once
FNDA:0,(anonymous_7)
FNDA:0,triggerEvent
FNDA:0,unbindListeners
FNDA:0,(anonymous_10)
FNDA:0,ready
FNDA:0,(anonymous_12)
FNDA:0,(anonymous_13)
DA:10,0
DA:12,0
DA:13,0
DA:14,0
DA:16,0
DA:17,0
DA:20,0
DA:21,0
DA:25,0
DA:31,0
DA:32,0
DA:36,0
DA:39,0
DA:42,0
DA:43,0
DA:52,0
DA:53,0
DA:55,0
DA:58,0
DA:64,0
DA:69,0
DA:74,0
DA:75,0
DA:76,0
DA:79,0
DA:85,0
DA:86,0
DA:90,0
DA:96,0
DA:101,0
DA:102,0
DA:103,0
DA:104,0
DA:107,0
DA:113,0
DA:114,0
LF:36
LH:0
BRDA:29,0,0,0
BRDA:29,1,0,0
BRDA:29,2,0,0
BRDA:31,3,0,0
BRDA:31,3,1,0
BRDA:31,4,0,0
BRDA:31,4,1,0
BRDA:31,4,2,0
BRDA:31,4,3,0
BRDA:42,5,0,0
BRDA:42,5,1,0
BRDA:53,6,0,0
BRDA:53,6,1,0
BRDA:53,7,0,0
BRDA:53,7,1,0
BRDA:53,7,2,0
BRDA:58,8,0,0
BRDA:58,8,1,0
BRDA:63,9,0,0
BRDA:63,10,0,0
BRDA:63,11,0,0
BRDA:68,12,0,0
BRDA:68,13,0,0
BRDA:68,14,0,0
BRDA:73,15,0,0
BRDA:73,16,0,0
BRDA:73,17,0,0
BRDA:83,18,0,0
BRDA:83,19,0,0
BRDA:83,20,0,0
BRDA:85,21,0,0
BRDA:85,21,1,0
BRDA:85,22,0,0
BRDA:85,22,1,0
BRDA:101,23,0,0
BRDA:101,23,1,0
BRDA:101,24,0,0
BRDA:101,24,1,0
BRDA:114,25,0,0
BRDA:114,25,1,0
BRF:40
BRH:0
end_of_record
TN:
SF:src/js/utils/fetch.js
FN:6,fetch
FN:7,(anonymous_1)
FN:19,(anonymous_2)
FN:33,(anonymous_3)
FNF:4
FNH:0
FNDA:0,fetch
FNDA:0,(anonymous_1)
FNDA:0,(anonymous_2)
FNDA:0,(anonymous_3)
DA:7,0
DA:8,0
DA:9,0
DA:12,0
DA:15,0
DA:16,0
DA:19,0
DA:20,0
DA:21,0
DA:22,0
DA:25,0
DA:29,0
DA:33,0
DA:34,0
DA:37,0
DA:38,0
DA:39,0
DA:42,0
LF:18
LH:0
BRDA:6,0,0,0
BRDA:6,1,0,0
BRDA:12,2,0,0
BRDA:12,2,1,0
BRDA:15,3,0,0
BRDA:15,3,1,0
BRDA:20,4,0,0
BRDA:20,4,1,0
BRF:8
BRH:0
end_of_record
TN:
SF:src/js/utils/i18n.js
FN:19,(anonymous_0)
FN:39,(anonymous_1)
FNF:2
FNH:0
FNDA:0,(anonymous_0)
FNDA:0,(anonymous_1)
DA:10,0
DA:18,0
DA:20,0
DA:21,0
DA:24,0
DA:26,0
DA:27,0
DA:28,0
DA:31,0
DA:34,0
DA:39,0
DA:40,0
DA:43,0
LF:13
LH:0
BRDA:19,0,0,0
BRDA:19,1,0,0
BRDA:20,2,0,0
BRDA:20,2,1,0
BRDA:20,3,0,0
BRDA:20,3,1,0
BRDA:26,4,0,0
BRDA:26,4,1,0
BRDA:27,5,0,0
BRDA:27,5,1,0
BRF:10
BRH:0
end_of_record
TN:
SF:src/js/utils/is.js
FN:5,(anonymous_0)
FN:6,(anonymous_1)
FN:7,(anonymous_2)
FN:8,(anonymous_3)
FN:9,(anonymous_4)
FN:10,(anonymous_5)
FN:11,(anonymous_6)
FN:12,(anonymous_7)
FN:13,(anonymous_8)
FN:14,(anonymous_9)
FN:15,(anonymous_10)
FN:16,(anonymous_11)
FN:17,(anonymous_12)
FN:18,(anonymous_13)
FN:19,(anonymous_14)
FN:20,(anonymous_15)
FN:21,(anonymous_16)
FN:23,isElement
FN:31,isEmpty
FN:37,isUrl
FNF:20
FNH:0
FNDA:0,(anonymous_0)
FNDA:0,(anonymous_1)
FNDA:0,(anonymous_2)
FNDA:0,(anonymous_3)
FNDA:0,(anonymous_4)
FNDA:0,(anonymous_5)
FNDA:0,(anonymous_6)
FNDA:0,(anonymous_7)
FNDA:0,(anonymous_8)
FNDA:0,(anonymous_9)
FNDA:0,(anonymous_10)
FNDA:0,(anonymous_11)
FNDA:0,(anonymous_12)
FNDA:0,(anonymous_13)
FNDA:0,(anonymous_14)
FNDA:0,(anonymous_15)
FNDA:0,(anonymous_16)
FNDA:0,isElement
FNDA:0,isEmpty
FNDA:0,isUrl
DA:5,0
DA:6,0
DA:7,0
DA:8,0
DA:9,0
DA:10,0
DA:11,0
DA:12,0
DA:13,0
DA:14,0
DA:15,0
DA:16,0
DA:17,0
DA:18,0
DA:19,0
DA:20,0
DA:21,0
DA:24,0
DA:32,0
DA:39,0
DA:40,0
DA:44,0
DA:45,0
DA:49,0
DA:50,0
DA:51,0
DA:54,0
DA:55,0
DA:58,0
LF:29
LH:0
BRDA:5,0,0,0
BRDA:5,0,1,0
BRDA:5,1,0,0
BRDA:5,1,1,0
BRDA:6,2,0,0
BRDA:6,2,1,0
BRDA:6,2,2,0
BRDA:7,3,0,0
BRDA:7,3,1,0
BRDA:9,4,0,0
BRDA:9,4,1,0
BRDA:19,5,0,0
BRDA:19,5,1,0
BRDA:20,6,0,0
BRDA:20,6,1,0
BRDA:20,6,2,0
BRDA:21,7,0,0
BRDA:21,7,1,0
BRDA:24,8,0,0
BRDA:24,8,1,0
BRDA:24,8,2,0
BRDA:24,8,3,0
BRDA:24,8,4,0
BRDA:32,9,0,0
BRDA:32,9,1,0
BRDA:32,9,2,0
BRDA:32,9,3,0
BRDA:32,9,4,0
BRDA:32,9,5,0
BRDA:32,9,6,0
BRDA:39,10,0,0
BRDA:39,10,1,0
BRDA:44,11,0,0
BRDA:44,11,1,0
BRDA:50,12,0,0
BRDA:50,12,1,0
BRDA:50,13,0,0
BRDA:50,13,1,0
BRF:38
BRH:0
end_of_record
TN:
SF:src/js/utils/load-image.js
FN:7,loadImage
FN:8,(anonymous_1)
FN:11,(anonymous_2)
FNF:3
FNH:0
FNDA:0,loadImage
FNDA:0,(anonymous_1)
FNDA:0,(anonymous_2)
DA:8,0
DA:9,0
DA:11,0
DA:12,0
DA:13,0
DA:14,0
DA:17,0
LF:7
LH:0
BRDA:7,0,0,0
BRDA:14,1,0,0
BRDA:14,1,1,0
BRF:3
BRH:0
end_of_record
TN:
SF:src/js/utils/load-script.js
FN:7,loadScript
FN:8,(anonymous_1)
FNF:2
FNH:0
FNDA:0,loadScript
FNDA:0,(anonymous_1)
DA:8,0
DA:9,0
LF:2
LH:0
BRF:0
BRH:0
end_of_record
TN:
SF:src/js/utils/load-sprite.js
FN:10,loadSprite
FN:18,(anonymous_1)
FN:20,(anonymous_2)
FN:56,(anonymous_3)
FN:75,(anonymous_4)
FNF:5
FNH:0
FNDA:0,loadSprite
FNDA:0,(anonymous_1)
FNDA:0,(anonymous_2)
FNDA:0,(anonymous_3)
FNDA:0,(anonymous_4)
DA:11,0
DA:12,0
DA:15,0
DA:16,0
DA:17,0
DA:18,0
DA:20,0
DA:21,0
DA:24,0
DA:25,0
DA:29,0
DA:33,0
DA:34,0
DA:36,0
DA:37,0
DA:39,0
DA:40,0
DA:44,0
DA:45,0
DA:46,0
DA:48,0
DA:49,0
DA:50,0
DA:55,0
DA:57,0
DA:58,0
DA:61,0
DA:62,0
DA:63,0
DA:73,0
LF:30
LH:0
BRDA:11,0,0,0
BRDA:11,0,1,0
BRDA:24,1,0,0
BRDA:24,1,1,0
BRDA:24,2,0,0
BRDA:24,2,1,0
BRDA:33,3,0,0
BRDA:33,3,1,0
BRDA:33,4,0,0
BRDA:33,4,1,0
BRDA:39,5,0,0
BRDA:39,5,1,0
BRDA:44,6,0,0
BRDA:44,6,1,0
BRDA:48,7,0,0
BRDA:48,7,1,0
BRDA:57,8,0,0
BRDA:57,8,1,0
BRDA:61,9,0,0
BRDA:61,9,1,0
BRF:20
BRH:0
end_of_record
TN:
SF:src/js/utils/numbers.js
FN:13,clamp
FNF:1
FNH:0
FNDA:0,clamp
DA:14,0
LF:1
LH:0
BRDA:13,0,0,0
BRDA:13,1,0,0
BRDA:13,2,0,0
BRF:3
BRH:0
end_of_record
TN:
SF:src/js/utils/objects.js
FN:8,cloneDeep
FN:13,getDeep
FN:14,(anonymous_2)
FN:18,extend
FN:29,(anonymous_4)
FNF:5
FNH:0
FNDA:0,cloneDeep
FNDA:0,getDeep
FNDA:0,(anonymous_2)
FNDA:0,extend
FNDA:0,(anonymous_4)
DA:9,0
DA:14,0
DA:19,0
DA:20,0
DA:23,0
DA:25,0
DA:26,0
DA:29,0
DA:30,0
DA:31,0
DA:32,0
DA:35,0
DA:38,0
DA:42,0
LF:14
LH:0
BRDA:14,0,0,0
BRDA:14,0,1,0
BRDA:18,1,0,0
BRDA:19,2,0,0
BRDA:19,2,1,0
BRDA:25,3,0,0
BRDA:25,3,1,0
BRDA:30,4,0,0
BRDA:30,4,1,0
BRDA:31,5,0,0
BRDA:31,5,1,0
BRF:11
BRH:0
end_of_record
TN:
SF:src/js/utils/promise.js
FN:8,silencePromise
FN:10,(anonymous_1)
FNF:2
FNH:0
FNDA:0,silencePromise
FNDA:0,(anonymous_1)
DA:9,0
DA:10,0
LF:2
LH:0
BRDA:9,0,0,0
BRDA:9,0,1,0
BRF:2
BRH:0
end_of_record
TN:
SF:src/js/utils/strings.js
FN:8,generateId
FN:13,format
FN:16,(anonymous_2)
FN:20,getPercentage
FN:29,replaceAll
FN:34,toTitleCase
FN:35,(anonymous_6)
FN:39,toPascalCase
FN:56,toCamelCase
FN:67,stripHTML
FN:76,getHTML
FNF:11
FNH:0
FNDA:0,generateId
FNDA:0,format
FNDA:0,(anonymous_2)
FNDA:0,getPercentage
FNDA:0,replaceAll
FNDA:0,toTitleCase
FNDA:0,(anonymous_6)
FNDA:0,toPascalCase
FNDA:0,toCamelCase
FNDA:0,stripHTML
FNDA:0,getHTML
DA:9,0
DA:14,0
DA:16,0
DA:21,0
DA:22,0
DA:25,0
DA:30,0
DA:35,0
DA:40,0
DA:43,0
DA:46,0
DA:49,0
DA:52,0
DA:57,0
DA:60,0
DA:63,0
DA:68,0
DA:69,0
DA:70,0
DA:71,0
DA:72,0
DA:77,0
DA:78,0
DA:79,0
LF:24
LH:0
BRDA:14,0,0,0
BRDA:14,0,1,0
BRDA:21,1,0,0
BRDA:21,1,1,0
BRDA:21,2,0,0
BRDA:21,2,1,0
BRDA:21,2,2,0
BRDA:21,2,3,0
BRDA:29,3,0,0
BRDA:29,4,0,0
BRDA:29,5,0,0
BRDA:34,6,0,0
BRDA:39,7,0,0
BRDA:56,8,0,0
BRF:14
BRH:0
end_of_record
TN:
SF:src/js/utils/style.js
FN:9,supportsCSS
FN:34,(anonymous_1)
FN:37,validateAspectRatio
FN:48,reduceAspectRatio
FN:54,(anonymous_4)
FN:61,getAspectRatio
FN:62,(anonymous_6)
FN:86,setAspectRatio
FN:129,roundAspectRatio
FN:144,getViewportSize
FNF:10
FNH:0
FNDA:0,supportsCSS
FNDA:0,(anonymous_1)
FNDA:0,validateAspectRatio
FNDA:0,reduceAspectRatio
FNDA:0,(anonymous_4)
FNDA:0,getAspectRatio
FNDA:0,(anonymous_6)
FNDA:0,setAspectRatio
FNDA:0,roundAspectRatio
FNDA:0,getViewportSize
DA:10,0
DA:11,0
DA:14,0
DA:18,0
DA:34,0
DA:38,0
DA:39,0
DA:42,0
DA:44,0
DA:49,0
DA:50,0
DA:53,0
DA:54,0
DA:55,0
DA:57,0
DA:62,0
DA:64,0
DA:67,0
DA:68,0
DA:72,0
DA:73,0
DA:77,0
DA:78,0
DA:79,0
DA:82,0
DA:87,0
DA:88,0
DA:91,0
DA:92,0
DA:94,0
DA:95,0
DA:98,0
DA:99,0
DA:100,0
DA:102,0
DA:103,0
DA:106,0
DA:110,0
DA:111,0
DA:112,0
DA:114,0
DA:115,0
DA:118,0
DA:121,0
DA:122,0
DA:125,0
DA:130,0
DA:131,0
DA:134,0
DA:135,0
DA:139,0
DA:145,0
DA:146,0
DA:147,0
LF:54
LH:0
BRDA:10,0,0,0
BRDA:10,0,1,0
BRDA:10,1,0,0
BRDA:10,1,1,0
BRDA:38,2,0,0
BRDA:38,2,1,0
BRDA:38,3,0,0
BRDA:38,3,1,0
BRDA:38,3,2,0
BRDA:42,4,0,0
BRDA:42,4,1,0
BRDA:49,5,0,0
BRDA:49,5,1,0
BRDA:49,6,0,0
BRDA:49,6,1,0
BRDA:54,7,0,0
BRDA:54,7,1,0
BRDA:62,8,0,0
BRDA:62,8,1,0
BRDA:67,9,0,0
BRDA:67,9,1,0
BRDA:72,10,0,0
BRDA:72,10,1,0
BRDA:72,11,0,0
BRDA:72,11,1,0
BRDA:72,11,2,0
BRDA:77,12,0,0
BRDA:77,12,1,0
BRDA:77,13,0,0
BRDA:77,13,1,0
BRDA:87,14,0,0
BRDA:87,14,1,0
BRDA:94,15,0,0
BRDA:94,15,1,0
BRDA:102,16,0,0
BRDA:102,16,1,0
BRDA:110,17,0,0
BRDA:110,17,1,0
BRDA:110,18,0,0
BRDA:110,18,1,0
BRDA:110,18,2,0
BRDA:114,19,0,0
BRDA:114,19,1,0
BRDA:121,20,0,0
BRDA:121,20,1,0
BRDA:129,21,0,0
BRDA:134,22,0,0
BRDA:134,22,1,0
BRDA:145,23,0,0
BRDA:145,23,1,0
BRDA:145,24,0,0
BRDA:145,24,1,0
BRDA:146,25,0,0
BRDA:146,25,1,0
BRDA:146,26,0,0
BRDA:146,26,1,0
BRF:56
BRH:0
end_of_record
TN:
SF:src/js/utils/time.js
FN:8,(anonymous_0)
FN:9,(anonymous_1)
FN:10,(anonymous_2)
FN:13,formatTime
FN:20,(anonymous_4)
FNF:5
FNH:0
FNDA:0,(anonymous_0)
FNDA:0,(anonymous_1)
FNDA:0,(anonymous_2)
FNDA:0,formatTime
FNDA:0,(anonymous_4)
DA:8,0
DA:9,0
DA:10,0
DA:15,0
DA:16,0
DA:20,0
DA:22,0
DA:23,0
DA:24,0
DA:27,0
DA:28,0
DA:31,0
DA:35,0
LF:13
LH:0
BRDA:13,0,0,0
BRDA:13,1,0,0
BRDA:13,2,0,0
BRDA:15,3,0,0
BRDA:15,3,1,0
BRDA:27,4,0,0
BRDA:27,4,1,0
BRDA:27,5,0,0
BRDA:27,5,1,0
BRDA:35,6,0,0
BRDA:35,6,1,0
BRDA:35,7,0,0
BRDA:35,7,1,0
BRF:13
BRH:0
end_of_record
TN:
SF:src/js/utils/urls.js
FN:12,parseUrl
FN:30,buildUrlParams
FN:34,(anonymous_2)
FNF:3
FNH:0
FNDA:0,parseUrl
FNDA:0,buildUrlParams
FNDA:0,(anonymous_2)
DA:13,0
DA:15,0
DA:16,0
DA:17,0
DA:18,0
DA:21,0
DA:22,0
DA:25,0
DA:31,0
DA:33,0
DA:34,0
DA:35,0
DA:39,0
LF:13
LH:0
BRDA:12,0,0,0
BRDA:15,1,0,0
BRDA:15,1,1,0
BRDA:33,2,0,0
BRDA:33,2,1,0
BRF:5
BRH:0
end_of_record
